生成启动时间为 2017/7/8 3:27:37。
     1>项目“D:\otherjobs\pro\mypro\fluids_v3-201704012-fixdensity-Marching\fluids_v3.vcxproj”在节点 2 上(build 个目标)。
     1>C:\Program Files (x86)\MSBuild\Microsoft.Cpp\v4.0\Microsoft.CppBuild.targets(298,5): warning MSB8004: Intermediate 目录未以斜杠结尾。此生成实例将添加斜杠，因为必须有这个斜杠才能正确计算 Intermediate 目录。
     1>InitializeBuildStatus:
         正在创建“D:\otherjobs\pro\mypro\fluids_v3-201704012-fixdensity-Marching\\output\Debug\fluids_v3.unsuccessfulbuild”，因为已指定“AlwaysCreate”。
       CustomBuild:
         Performing Custom Build Tools
     1>fluids/fluid_system_host.cu(83): warning : variable "argc" was declared but never referenced
         
     1>fluids/fluid_system_host.cu(84): warning : variable "argv" was declared but never referenced
         
     1>fluids/fluid_system_host.cu(92): warning : variable "argc" was declared but never referenced
         
     1>fluids/fluid_system_host.cu(93): warning : variable "argv" was declared but never referenced
         
     1>c:\program files\nvidia gpu computing toolkit\cuda\v5.5\include\math_functions.h : warning C4819: 该文件包含不能在当前代码页(936)中表示的字符。请将该文件保存为 Unicode 格式以防止数据丢失
     1>c:\program files\nvidia gpu computing toolkit\cuda\v5.5\include\math_functions.h(870): warning C4819: 该文件包含不能在当前代码页(936)中表示的字符。请将该文件保存为 Unicode 格式以防止数据丢失
     1>c:\program files\nvidia gpu computing toolkit\cuda\v5.5\include\math_functions.h(1846): warning C4819: 该文件包含不能在当前代码页(936)中表示的字符。请将该文件保存为 Unicode 格式以防止数据丢失
     1>c:\program files\nvidia gpu computing toolkit\cuda\v5.5\include\math_functions.h(2747): warning C4819: 该文件包含不能在当前代码页(936)中表示的字符。请将该文件保存为 Unicode 格式以防止数据丢失
     1>c:\program files\nvidia gpu computing toolkit\cuda\v5.5\include\math_functions.h(3698): warning C4819: 该文件包含不能在当前代码页(936)中表示的字符。请将该文件保存为 Unicode 格式以防止数据丢失
     1>c:\program files\nvidia gpu computing toolkit\cuda\v5.5\include\math_functions.h(4610): warning C4819: 该文件包含不能在当前代码页(936)中表示的字符。请将该文件保存为 Unicode 格式以防止数据丢失
     1>c:\program files\nvidia gpu computing toolkit\cuda\v5.5\include\math_functions.h(5501): warning C4819: 该文件包含不能在当前代码页(936)中表示的字符。请将该文件保存为 Unicode 格式以防止数据丢失
     1>c:\program files\nvidia gpu computing toolkit\cuda\v5.5\include\math_functions.h(6407): warning C4819: 该文件包含不能在当前代码页(936)中表示的字符。请将该文件保存为 Unicode 格式以防止数据丢失
     1>c:\program files\nvidia gpu computing toolkit\cuda\v5.5\include\math_functions.h(7316): warning C4819: 该文件包含不能在当前代码页(936)中表示的字符。请将该文件保存为 Unicode 格式以防止数据丢失
     1>c:\program files\nvidia gpu computing toolkit\cuda\v5.5\include\device_functions.h : warning C4819: 该文件包含不能在当前代码页(936)中表示的字符。请将该文件保存为 Unicode 格式以防止数据丢失
     1>c:\program files\nvidia gpu computing toolkit\cuda\v5.5\include\device_functions.h(783): warning C4819: 该文件包含不能在当前代码页(936)中表示的字符。请将该文件保存为 Unicode 格式以防止数据丢失
     1>c:\program files\nvidia gpu computing toolkit\cuda\v5.5\include\device_functions.h(1659): warning C4819: 该文件包含不能在当前代码页(936)中表示的字符。请将该文件保存为 Unicode 格式以防止数据丢失
     1>c:\program files\nvidia gpu computing toolkit\cuda\v5.5\include\sm_13_double_functions.h : warning C4819: 该文件包含不能在当前代码页(936)中表示的字符。请将该文件保存为 Unicode 格式以防止数据丢失
     1>c:\program files\nvidia gpu computing toolkit\cuda\v5.5\include\math_functions.h : warning C4819: 该文件包含不能在当前代码页(936)中表示的字符。请将该文件保存为 Unicode 格式以防止数据丢失
     1>c:\program files\nvidia gpu computing toolkit\cuda\v5.5\include\math_functions.h(870): warning C4819: 该文件包含不能在当前代码页(936)中表示的字符。请将该文件保存为 Unicode 格式以防止数据丢失
     1>c:\program files\nvidia gpu computing toolkit\cuda\v5.5\include\math_functions.h(1846): warning C4819: 该文件包含不能在当前代码页(936)中表示的字符。请将该文件保存为 Unicode 格式以防止数据丢失
     1>c:\program files\nvidia gpu computing toolkit\cuda\v5.5\include\math_functions.h(2747): warning C4819: 该文件包含不能在当前代码页(936)中表示的字符。请将该文件保存为 Unicode 格式以防止数据丢失
     1>c:\program files\nvidia gpu computing toolkit\cuda\v5.5\include\math_functions.h(3698): warning C4819: 该文件包含不能在当前代码页(936)中表示的字符。请将该文件保存为 Unicode 格式以防止数据丢失
     1>c:\program files\nvidia gpu computing toolkit\cuda\v5.5\include\math_functions.h(4610): warning C4819: 该文件包含不能在当前代码页(936)中表示的字符。请将该文件保存为 Unicode 格式以防止数据丢失
     1>c:\program files\nvidia gpu computing toolkit\cuda\v5.5\include\math_functions.h(5501): warning C4819: 该文件包含不能在当前代码页(936)中表示的字符。请将该文件保存为 Unicode 格式以防止数据丢失
     1>c:\program files\nvidia gpu computing toolkit\cuda\v5.5\include\math_functions.h(6407): warning C4819: 该文件包含不能在当前代码页(936)中表示的字符。请将该文件保存为 Unicode 格式以防止数据丢失
     1>c:\program files\nvidia gpu computing toolkit\cuda\v5.5\include\math_functions.h(7316): warning C4819: 该文件包含不能在当前代码页(936)中表示的字符。请将该文件保存为 Unicode 格式以防止数据丢失
     1>c:\program files\nvidia gpu computing toolkit\cuda\v5.5\include\math_functions.h : warning C4819: 该文件包含不能在当前代码页(936)中表示的字符。请将该文件保存为 Unicode 格式以防止数据丢失
     1>c:\program files\nvidia gpu computing toolkit\cuda\v5.5\include\math_functions.h(870): warning C4819: 该文件包含不能在当前代码页(936)中表示的字符。请将该文件保存为 Unicode 格式以防止数据丢失
     1>c:\program files\nvidia gpu computing toolkit\cuda\v5.5\include\math_functions.h(1846): warning C4819: 该文件包含不能在当前代码页(936)中表示的字符。请将该文件保存为 Unicode 格式以防止数据丢失
     1>c:\program files\nvidia gpu computing toolkit\cuda\v5.5\include\math_functions.h(2747): warning C4819: 该文件包含不能在当前代码页(936)中表示的字符。请将该文件保存为 Unicode 格式以防止数据丢失
     1>c:\program files\nvidia gpu computing toolkit\cuda\v5.5\include\math_functions.h(3698): warning C4819: 该文件包含不能在当前代码页(936)中表示的字符。请将该文件保存为 Unicode 格式以防止数据丢失
     1>c:\program files\nvidia gpu computing toolkit\cuda\v5.5\include\math_functions.h(4610): warning C4819: 该文件包含不能在当前代码页(936)中表示的字符。请将该文件保存为 Unicode 格式以防止数据丢失
     1>c:\program files\nvidia gpu computing toolkit\cuda\v5.5\include\math_functions.h(5501): warning C4819: 该文件包含不能在当前代码页(936)中表示的字符。请将该文件保存为 Unicode 格式以防止数据丢失
     1>c:\program files\nvidia gpu computing toolkit\cuda\v5.5\include\math_functions.h(6407): warning C4819: 该文件包含不能在当前代码页(936)中表示的字符。请将该文件保存为 Unicode 格式以防止数据丢失
     1>c:\program files\nvidia gpu computing toolkit\cuda\v5.5\include\math_functions.h(7316): warning C4819: 该文件包含不能在当前代码页(936)中表示的字符。请将该文件保存为 Unicode 格式以防止数据丢失
     1>c:\program files\nvidia gpu computing toolkit\cuda\v5.5\include\device_functions.h : warning C4819: 该文件包含不能在当前代码页(936)中表示的字符。请将该文件保存为 Unicode 格式以防止数据丢失
     1>c:\program files\nvidia gpu computing toolkit\cuda\v5.5\include\device_functions.h(783): warning C4819: 该文件包含不能在当前代码页(936)中表示的字符。请将该文件保存为 Unicode 格式以防止数据丢失
     1>c:\program files\nvidia gpu computing toolkit\cuda\v5.5\include\device_functions.h(1659): warning C4819: 该文件包含不能在当前代码页(936)中表示的字符。请将该文件保存为 Unicode 格式以防止数据丢失
     1>c:\program files\nvidia gpu computing toolkit\cuda\v5.5\include\sm_13_double_functions.h : warning C4819: 该文件包含不能在当前代码页(936)中表示的字符。请将该文件保存为 Unicode 格式以防止数据丢失
     1>fluids/fluid_system_host.cu(83): warning : variable "argc" was declared but never referenced
         
     1>fluids/fluid_system_host.cu(84): warning : variable "argv" was declared but never referenced
         
     1>fluids/fluid_system_host.cu(92): warning : variable "argc" was declared but never referenced
         
     1>fluids/fluid_system_host.cu(93): warning : variable "argv" was declared but never referenced
         
     1>c:\program files\nvidia gpu computing toolkit\cuda\v5.5\include\math_functions.h : warning C4819: 该文件包含不能在当前代码页(936)中表示的字符。请将该文件保存为 Unicode 格式以防止数据丢失
     1>c:\program files\nvidia gpu computing toolkit\cuda\v5.5\include\math_functions.h(870): warning C4819: 该文件包含不能在当前代码页(936)中表示的字符。请将该文件保存为 Unicode 格式以防止数据丢失
     1>c:\program files\nvidia gpu computing toolkit\cuda\v5.5\include\math_functions.h(1846): warning C4819: 该文件包含不能在当前代码页(936)中表示的字符。请将该文件保存为 Unicode 格式以防止数据丢失
     1>c:\program files\nvidia gpu computing toolkit\cuda\v5.5\include\math_functions.h(2747): warning C4819: 该文件包含不能在当前代码页(936)中表示的字符。请将该文件保存为 Unicode 格式以防止数据丢失
     1>c:\program files\nvidia gpu computing toolkit\cuda\v5.5\include\math_functions.h(3698): warning C4819: 该文件包含不能在当前代码页(936)中表示的字符。请将该文件保存为 Unicode 格式以防止数据丢失
     1>c:\program files\nvidia gpu computing toolkit\cuda\v5.5\include\math_functions.h(4610): warning C4819: 该文件包含不能在当前代码页(936)中表示的字符。请将该文件保存为 Unicode 格式以防止数据丢失
     1>c:\program files\nvidia gpu computing toolkit\cuda\v5.5\include\math_functions.h(5501): warning C4819: 该文件包含不能在当前代码页(936)中表示的字符。请将该文件保存为 Unicode 格式以防止数据丢失
     1>c:\program files\nvidia gpu computing toolkit\cuda\v5.5\include\math_functions.h(6407): warning C4819: 该文件包含不能在当前代码页(936)中表示的字符。请将该文件保存为 Unicode 格式以防止数据丢失
     1>c:\program files\nvidia gpu computing toolkit\cuda\v5.5\include\math_functions.h(7316): warning C4819: 该文件包含不能在当前代码页(936)中表示的字符。请将该文件保存为 Unicode 格式以防止数据丢失
     1>c:\program files\nvidia gpu computing toolkit\cuda\v5.5\include\device_functions.h : warning C4819: 该文件包含不能在当前代码页(936)中表示的字符。请将该文件保存为 Unicode 格式以防止数据丢失
     1>c:\program files\nvidia gpu computing toolkit\cuda\v5.5\include\device_functions.h(783): warning C4819: 该文件包含不能在当前代码页(936)中表示的字符。请将该文件保存为 Unicode 格式以防止数据丢失
     1>c:\program files\nvidia gpu computing toolkit\cuda\v5.5\include\device_functions.h(1659): warning C4819: 该文件包含不能在当前代码页(936)中表示的字符。请将该文件保存为 Unicode 格式以防止数据丢失
     1>c:\program files\nvidia gpu computing toolkit\cuda\v5.5\include\sm_13_double_functions.h : warning C4819: 该文件包含不能在当前代码页(936)中表示的字符。请将该文件保存为 Unicode 格式以防止数据丢失
     1>fluids/fluid_system_host.cu(293): warning C4244: “=”: 从“double”转换到“float”，可能丢失数据
     1>fluids/fluid_system_host.cu(294): warning C4244: “=”: 从“double”转换到“float”，可能丢失数据
     1>fluids/fluid_system_host.cu(295): warning C4244: “=”: 从“double”转换到“float”，可能丢失数据
     1>c:\program files\nvidia gpu computing toolkit\cuda\v5.5\include\math_functions.h : warning C4819: 该文件包含不能在当前代码页(936)中表示的字符。请将该文件保存为 Unicode 格式以防止数据丢失
     1>c:\program files\nvidia gpu computing toolkit\cuda\v5.5\include\math_functions.h(870): warning C4819: 该文件包含不能在当前代码页(936)中表示的字符。请将该文件保存为 Unicode 格式以防止数据丢失
     1>c:\program files\nvidia gpu computing toolkit\cuda\v5.5\include\math_functions.h(1846): warning C4819: 该文件包含不能在当前代码页(936)中表示的字符。请将该文件保存为 Unicode 格式以防止数据丢失
     1>c:\program files\nvidia gpu computing toolkit\cuda\v5.5\include\math_functions.h(2747): warning C4819: 该文件包含不能在当前代码页(936)中表示的字符。请将该文件保存为 Unicode 格式以防止数据丢失
     1>c:\program files\nvidia gpu computing toolkit\cuda\v5.5\include\math_functions.h(3698): warning C4819: 该文件包含不能在当前代码页(936)中表示的字符。请将该文件保存为 Unicode 格式以防止数据丢失
     1>c:\program files\nvidia gpu computing toolkit\cuda\v5.5\include\math_functions.h(4610): warning C4819: 该文件包含不能在当前代码页(936)中表示的字符。请将该文件保存为 Unicode 格式以防止数据丢失
     1>c:\program files\nvidia gpu computing toolkit\cuda\v5.5\include\math_functions.h(5501): warning C4819: 该文件包含不能在当前代码页(936)中表示的字符。请将该文件保存为 Unicode 格式以防止数据丢失
     1>c:\program files\nvidia gpu computing toolkit\cuda\v5.5\include\math_functions.h(6407): warning C4819: 该文件包含不能在当前代码页(936)中表示的字符。请将该文件保存为 Unicode 格式以防止数据丢失
     1>c:\program files\nvidia gpu computing toolkit\cuda\v5.5\include\math_functions.h(7316): warning C4819: 该文件包含不能在当前代码页(936)中表示的字符。请将该文件保存为 Unicode 格式以防止数据丢失
         Performing Custom Build Tools
     1>fluids/fluid_system_kern.cu(279): warning : variable "pos" was declared but never referenced
         
     1>fluids/fluid_system_kern.cu(608): warning : variable "status" was set but never used
         
     1>c:\program files\nvidia gpu computing toolkit\cuda\v5.5\include\math_functions.h : warning C4819: 该文件包含不能在当前代码页(936)中表示的字符。请将该文件保存为 Unicode 格式以防止数据丢失
     1>c:\program files\nvidia gpu computing toolkit\cuda\v5.5\include\math_functions.h(870): warning C4819: 该文件包含不能在当前代码页(936)中表示的字符。请将该文件保存为 Unicode 格式以防止数据丢失
     1>c:\program files\nvidia gpu computing toolkit\cuda\v5.5\include\math_functions.h(1846): warning C4819: 该文件包含不能在当前代码页(936)中表示的字符。请将该文件保存为 Unicode 格式以防止数据丢失
     1>c:\program files\nvidia gpu computing toolkit\cuda\v5.5\include\math_functions.h(2747): warning C4819: 该文件包含不能在当前代码页(936)中表示的字符。请将该文件保存为 Unicode 格式以防止数据丢失
     1>c:\program files\nvidia gpu computing toolkit\cuda\v5.5\include\math_functions.h(3698): warning C4819: 该文件包含不能在当前代码页(936)中表示的字符。请将该文件保存为 Unicode 格式以防止数据丢失
     1>c:\program files\nvidia gpu computing toolkit\cuda\v5.5\include\math_functions.h(4610): warning C4819: 该文件包含不能在当前代码页(936)中表示的字符。请将该文件保存为 Unicode 格式以防止数据丢失
     1>c:\program files\nvidia gpu computing toolkit\cuda\v5.5\include\math_functions.h(5501): warning C4819: 该文件包含不能在当前代码页(936)中表示的字符。请将该文件保存为 Unicode 格式以防止数据丢失
     1>c:\program files\nvidia gpu computing toolkit\cuda\v5.5\include\math_functions.h(6407): warning C4819: 该文件包含不能在当前代码页(936)中表示的字符。请将该文件保存为 Unicode 格式以防止数据丢失
     1>c:\program files\nvidia gpu computing toolkit\cuda\v5.5\include\math_functions.h(7316): warning C4819: 该文件包含不能在当前代码页(936)中表示的字符。请将该文件保存为 Unicode 格式以防止数据丢失
     1>c:\program files\nvidia gpu computing toolkit\cuda\v5.5\include\device_functions.h : warning C4819: 该文件包含不能在当前代码页(936)中表示的字符。请将该文件保存为 Unicode 格式以防止数据丢失
     1>c:\program files\nvidia gpu computing toolkit\cuda\v5.5\include\device_functions.h(783): warning C4819: 该文件包含不能在当前代码页(936)中表示的字符。请将该文件保存为 Unicode 格式以防止数据丢失
     1>c:\program files\nvidia gpu computing toolkit\cuda\v5.5\include\device_functions.h(1659): warning C4819: 该文件包含不能在当前代码页(936)中表示的字符。请将该文件保存为 Unicode 格式以防止数据丢失
     1>c:\program files\nvidia gpu computing toolkit\cuda\v5.5\include\sm_13_double_functions.h : warning C4819: 该文件包含不能在当前代码页(936)中表示的字符。请将该文件保存为 Unicode 格式以防止数据丢失
     1>c:\program files\nvidia gpu computing toolkit\cuda\v5.5\include\math_functions.h : warning C4819: 该文件包含不能在当前代码页(936)中表示的字符。请将该文件保存为 Unicode 格式以防止数据丢失
     1>c:\program files\nvidia gpu computing toolkit\cuda\v5.5\include\math_functions.h(870): warning C4819: 该文件包含不能在当前代码页(936)中表示的字符。请将该文件保存为 Unicode 格式以防止数据丢失
     1>c:\program files\nvidia gpu computing toolkit\cuda\v5.5\include\math_functions.h(1846): warning C4819: 该文件包含不能在当前代码页(936)中表示的字符。请将该文件保存为 Unicode 格式以防止数据丢失
     1>c:\program files\nvidia gpu computing toolkit\cuda\v5.5\include\math_functions.h(2747): warning C4819: 该文件包含不能在当前代码页(936)中表示的字符。请将该文件保存为 Unicode 格式以防止数据丢失
     1>c:\program files\nvidia gpu computing toolkit\cuda\v5.5\include\math_functions.h(3698): warning C4819: 该文件包含不能在当前代码页(936)中表示的字符。请将该文件保存为 Unicode 格式以防止数据丢失
     1>c:\program files\nvidia gpu computing toolkit\cuda\v5.5\include\math_functions.h(4610): warning C4819: 该文件包含不能在当前代码页(936)中表示的字符。请将该文件保存为 Unicode 格式以防止数据丢失
     1>c:\program files\nvidia gpu computing toolkit\cuda\v5.5\include\math_functions.h(5501): warning C4819: 该文件包含不能在当前代码页(936)中表示的字符。请将该文件保存为 Unicode 格式以防止数据丢失
     1>c:\program files\nvidia gpu computing toolkit\cuda\v5.5\include\math_functions.h(6407): warning C4819: 该文件包含不能在当前代码页(936)中表示的字符。请将该文件保存为 Unicode 格式以防止数据丢失
     1>c:\program files\nvidia gpu computing toolkit\cuda\v5.5\include\math_functions.h(7316): warning C4819: 该文件包含不能在当前代码页(936)中表示的字符。请将该文件保存为 Unicode 格式以防止数据丢失
     1>c:\program files\nvidia gpu computing toolkit\cuda\v5.5\include\math_functions.h : warning C4819: 该文件包含不能在当前代码页(936)中表示的字符。请将该文件保存为 Unicode 格式以防止数据丢失
     1>c:\program files\nvidia gpu computing toolkit\cuda\v5.5\include\math_functions.h(870): warning C4819: 该文件包含不能在当前代码页(936)中表示的字符。请将该文件保存为 Unicode 格式以防止数据丢失
     1>c:\program files\nvidia gpu computing toolkit\cuda\v5.5\include\math_functions.h(1846): warning C4819: 该文件包含不能在当前代码页(936)中表示的字符。请将该文件保存为 Unicode 格式以防止数据丢失
     1>c:\program files\nvidia gpu computing toolkit\cuda\v5.5\include\math_functions.h(2747): warning C4819: 该文件包含不能在当前代码页(936)中表示的字符。请将该文件保存为 Unicode 格式以防止数据丢失
     1>c:\program files\nvidia gpu computing toolkit\cuda\v5.5\include\math_functions.h(3698): warning C4819: 该文件包含不能在当前代码页(936)中表示的字符。请将该文件保存为 Unicode 格式以防止数据丢失
     1>c:\program files\nvidia gpu computing toolkit\cuda\v5.5\include\math_functions.h(4610): warning C4819: 该文件包含不能在当前代码页(936)中表示的字符。请将该文件保存为 Unicode 格式以防止数据丢失
     1>c:\program files\nvidia gpu computing toolkit\cuda\v5.5\include\math_functions.h(5501): warning C4819: 该文件包含不能在当前代码页(936)中表示的字符。请将该文件保存为 Unicode 格式以防止数据丢失
     1>c:\program files\nvidia gpu computing toolkit\cuda\v5.5\include\math_functions.h(6407): warning C4819: 该文件包含不能在当前代码页(936)中表示的字符。请将该文件保存为 Unicode 格式以防止数据丢失
     1>c:\program files\nvidia gpu computing toolkit\cuda\v5.5\include\math_functions.h(7316): warning C4819: 该文件包含不能在当前代码页(936)中表示的字符。请将该文件保存为 Unicode 格式以防止数据丢失
     1>c:\program files\nvidia gpu computing toolkit\cuda\v5.5\include\device_functions_decls.h : warning C4819: 该文件包含不能在当前代码页(936)中表示的字符。请将该文件保存为 Unicode 格式以防止数据丢失
     1>c:\program files\nvidia gpu computing toolkit\cuda\v5.5\include\device_functions_decls.h(948): warning C4819: 该文件包含不能在当前代码页(936)中表示的字符。请将该文件保存为 Unicode 格式以防止数据丢失
     1>c:\program files\nvidia gpu computing toolkit\cuda\v5.5\include\device_functions_decls.h(1984): warning C4819: 该文件包含不能在当前代码页(936)中表示的字符。请将该文件保存为 Unicode 格式以防止数据丢失
     1>c:\program files\nvidia gpu computing toolkit\cuda\v5.5\include\device_functions_decls.h(2924): warning C4819: 该文件包含不能在当前代码页(936)中表示的字符。请将该文件保存为 Unicode 格式以防止数据丢失
     1>c:\program files\nvidia gpu computing toolkit\cuda\v5.5\include\device_functions_decls.h(3876): warning C4819: 该文件包含不能在当前代码页(936)中表示的字符。请将该文件保存为 Unicode 格式以防止数据丢失
     1>c:\program files\nvidia gpu computing toolkit\cuda\v5.5\include\device_functions_decls.h(4865): warning C4819: 该文件包含不能在当前代码页(936)中表示的字符。请将该文件保存为 Unicode 格式以防止数据丢失
     1>c:\program files\nvidia gpu computing toolkit\cuda\v5.5\include\device_functions_decls.h(5898): warning C4819: 该文件包含不能在当前代码页(936)中表示的字符。请将该文件保存为 Unicode 格式以防止数据丢失
     1>c:\program files\nvidia gpu computing toolkit\cuda\v5.5\include\device_functions_decls.h(6841): warning C4819: 该文件包含不能在当前代码页(936)中表示的字符。请将该文件保存为 Unicode 格式以防止数据丢失
     1>c:\program files\nvidia gpu computing toolkit\cuda\v5.5\include\device_functions_decls.h(7793): warning C4819: 该文件包含不能在当前代码页(936)中表示的字符。请将该文件保存为 Unicode 格式以防止数据丢失
     1>c:\program files\nvidia gpu computing toolkit\cuda\v5.5\include\device_functions_decls.h(8730): warning C4819: 该文件包含不能在当前代码页(936)中表示的字符。请将该文件保存为 Unicode 格式以防止数据丢失
     1>c:\program files\nvidia gpu computing toolkit\cuda\v5.5\include\device_functions_decls.h(9719): warning C4819: 该文件包含不能在当前代码页(936)中表示的字符。请将该文件保存为 Unicode 格式以防止数据丢失
     1>c:\program files\nvidia gpu computing toolkit\cuda\v5.5\include\device_functions_decls.h(10806): warning C4819: 该文件包含不能在当前代码页(936)中表示的字符。请将该文件保存为 Unicode 格式以防止数据丢失
     1>c:\program files\nvidia gpu computing toolkit\cuda\v5.5\include\device_functions.h : warning C4819: 该文件包含不能在当前代码页(936)中表示的字符。请将该文件保存为 Unicode 格式以防止数据丢失
     1>c:\program files\nvidia gpu computing toolkit\cuda\v5.5\include\device_functions.h(783): warning C4819: 该文件包含不能在当前代码页(936)中表示的字符。请将该文件保存为 Unicode 格式以防止数据丢失
     1>c:\program files\nvidia gpu computing toolkit\cuda\v5.5\include\device_functions.h(1659): warning C4819: 该文件包含不能在当前代码页(936)中表示的字符。请将该文件保存为 Unicode 格式以防止数据丢失
     1>c:\program files\nvidia gpu computing toolkit\cuda\v5.5\include\sm_13_double_functions.h : warning C4819: 该文件包含不能在当前代码页(936)中表示的字符。请将该文件保存为 Unicode 格式以防止数据丢失
     1>fluids/fluid_system_kern.cu(279): warning : variable "pos" was declared but never referenced
         
     1>fluids/fluid_system_kern.cu(608): warning : variable "status" was set but never used
         
     1>c:\program files\nvidia gpu computing toolkit\cuda\v5.5\include\math_functions.h : warning C4819: 该文件包含不能在当前代码页(936)中表示的字符。请将该文件保存为 Unicode 格式以防止数据丢失
     1>c:\program files\nvidia gpu computing toolkit\cuda\v5.5\include\math_functions.h(870): warning C4819: 该文件包含不能在当前代码页(936)中表示的字符。请将该文件保存为 Unicode 格式以防止数据丢失
     1>c:\program files\nvidia gpu computing toolkit\cuda\v5.5\include\math_functions.h(1846): warning C4819: 该文件包含不能在当前代码页(936)中表示的字符。请将该文件保存为 Unicode 格式以防止数据丢失
     1>c:\program files\nvidia gpu computing toolkit\cuda\v5.5\include\math_functions.h(2747): warning C4819: 该文件包含不能在当前代码页(936)中表示的字符。请将该文件保存为 Unicode 格式以防止数据丢失
     1>c:\program files\nvidia gpu computing toolkit\cuda\v5.5\include\math_functions.h(3698): warning C4819: 该文件包含不能在当前代码页(936)中表示的字符。请将该文件保存为 Unicode 格式以防止数据丢失
     1>c:\program files\nvidia gpu computing toolkit\cuda\v5.5\include\math_functions.h(4610): warning C4819: 该文件包含不能在当前代码页(936)中表示的字符。请将该文件保存为 Unicode 格式以防止数据丢失
     1>c:\program files\nvidia gpu computing toolkit\cuda\v5.5\include\math_functions.h(5501): warning C4819: 该文件包含不能在当前代码页(936)中表示的字符。请将该文件保存为 Unicode 格式以防止数据丢失
     1>c:\program files\nvidia gpu computing toolkit\cuda\v5.5\include\math_functions.h(6407): warning C4819: 该文件包含不能在当前代码页(936)中表示的字符。请将该文件保存为 Unicode 格式以防止数据丢失
     1>c:\program files\nvidia gpu computing toolkit\cuda\v5.5\include\math_functions.h(7316): warning C4819: 该文件包含不能在当前代码页(936)中表示的字符。请将该文件保存为 Unicode 格式以防止数据丢失
     1>c:\program files\nvidia gpu computing toolkit\cuda\v5.5\include\device_functions.h : warning C4819: 该文件包含不能在当前代码页(936)中表示的字符。请将该文件保存为 Unicode 格式以防止数据丢失
     1>c:\program files\nvidia gpu computing toolkit\cuda\v5.5\include\device_functions.h(783): warning C4819: 该文件包含不能在当前代码页(936)中表示的字符。请将该文件保存为 Unicode 格式以防止数据丢失
     1>c:\program files\nvidia gpu computing toolkit\cuda\v5.5\include\device_functions.h(1659): warning C4819: 该文件包含不能在当前代码页(936)中表示的字符。请将该文件保存为 Unicode 格式以防止数据丢失
     1>c:\program files\nvidia gpu computing toolkit\cuda\v5.5\include\sm_13_double_functions.h : warning C4819: 该文件包含不能在当前代码页(936)中表示的字符。请将该文件保存为 Unicode 格式以防止数据丢失
     1>c:\program files\nvidia gpu computing toolkit\cuda\v5.5\include\math_functions.h : warning C4819: 该文件包含不能在当前代码页(936)中表示的字符。请将该文件保存为 Unicode 格式以防止数据丢失
     1>c:\program files\nvidia gpu computing toolkit\cuda\v5.5\include\math_functions.h(870): warning C4819: 该文件包含不能在当前代码页(936)中表示的字符。请将该文件保存为 Unicode 格式以防止数据丢失
     1>c:\program files\nvidia gpu computing toolkit\cuda\v5.5\include\math_functions.h(1846): warning C4819: 该文件包含不能在当前代码页(936)中表示的字符。请将该文件保存为 Unicode 格式以防止数据丢失
     1>c:\program files\nvidia gpu computing toolkit\cuda\v5.5\include\math_functions.h(2747): warning C4819: 该文件包含不能在当前代码页(936)中表示的字符。请将该文件保存为 Unicode 格式以防止数据丢失
     1>c:\program files\nvidia gpu computing toolkit\cuda\v5.5\include\math_functions.h(3698): warning C4819: 该文件包含不能在当前代码页(936)中表示的字符。请将该文件保存为 Unicode 格式以防止数据丢失
     1>c:\program files\nvidia gpu computing toolkit\cuda\v5.5\include\math_functions.h(4610): warning C4819: 该文件包含不能在当前代码页(936)中表示的字符。请将该文件保存为 Unicode 格式以防止数据丢失
     1>c:\program files\nvidia gpu computing toolkit\cuda\v5.5\include\math_functions.h(5501): warning C4819: 该文件包含不能在当前代码页(936)中表示的字符。请将该文件保存为 Unicode 格式以防止数据丢失
     1>c:\program files\nvidia gpu computing toolkit\cuda\v5.5\include\math_functions.h(6407): warning C4819: 该文件包含不能在当前代码页(936)中表示的字符。请将该文件保存为 Unicode 格式以防止数据丢失
     1>c:\program files\nvidia gpu computing toolkit\cuda\v5.5\include\math_functions.h(7316): warning C4819: 该文件包含不能在当前代码页(936)中表示的字符。请将该文件保存为 Unicode 格式以防止数据丢失
       ClCompile:
         C:\Program Files (x86)\Microsoft Visual Studio 10.0\VC\bin\CL.exe /c /Ifluids /Icommon /I"C:\Program Files\NVIDIA GPU Computing Toolkit\CUDA\v5.5\include" /ZI /nologo /W3 /WX- /Od /Oy- /D NDEBUG /D _WIN32 /D _WINDOWS /D BUILD_CUDA /D INC_OLE2 /D _UNICODE /D UNICODE /Gm /EHsc /RTC1 /MDd /GS /fp:precise /Zc:wchar_t /Zc:forScope /Fo"D:\otherjobs\pro\mypro\fluids_v3-201704012-fixdensity-Marching\\output\Debug\\" /Fd"D:\otherjobs\pro\mypro\fluids_v3-201704012-fixdensity-Marching\\output\Debug\vc100.pdb" /Gd /TP /analyze- /errorReport:prompt fluids\fluid_system.cpp -D "_HAS_ITERATOR_DEBUGGING=0" 
         fluid_system.cpp
     1>d:\otherjobs\pro\mypro\fluids_v3-201704012-fixdensity-marching\fluids\fluid_system.h(299): warning C4244: “return”: 从“double”转换到“int”，可能丢失数据
     1>d:\otherjobs\pro\mypro\fluids_v3-201704012-fixdensity-marching\fluids\fluid_system.h(307): warning C4244: “return”: 从“double”转换到“float”，可能丢失数据
     1>d:\otherjobs\pro\mypro\fluids_v3-201704012-fixdensity-marching\fluids\fluid_system.h(312): warning C4244: “return”: 从“double”转换到“float”，可能丢失数据
     1>d:\otherjobs\pro\mypro\fluids_v3-201704012-fixdensity-marching\fluids\fluid_system_host.cuh(52): warning C4005: “COLOR”: 宏重定义
                 d:\otherjobs\pro\mypro\fluids_v3-201704012-fixdensity-marching\common\app_util.h(87) : 参见“COLOR”的前一个定义
     1>d:\otherjobs\pro\mypro\fluids_v3-201704012-fixdensity-marching\fluids\fluid_system_host.cuh(53): warning C4005: “COLORA”: 宏重定义
                 d:\otherjobs\pro\mypro\fluids_v3-201704012-fixdensity-marching\common\app_util.h(88) : 参见“COLORA”的前一个定义
     1>d:\otherjobs\pro\mypro\fluids_v3-201704012-fixdensity-marching\fluids\fluid_system.cpp(63): warning C4005: “M_PI”: 宏重定义
                 d:\otherjobs\pro\mypro\fluids_v3-201704012-fixdensity-marching\marching\util.h(96) : 参见“M_PI”的前一个定义
     1>d:\otherjobs\pro\mypro\fluids_v3-201704012-fixdensity-marching\fluids\fluid_system.cpp(147): warning C4244: “参数”: 从“double”转换到“int”，可能丢失数据
     1>d:\otherjobs\pro\mypro\fluids_v3-201704012-fixdensity-marching\fluids\fluid_system.cpp(156): warning C4244: “参数”: 从“double”转换到“float”，可能丢失数据
     1>d:\otherjobs\pro\mypro\fluids_v3-201704012-fixdensity-marching\fluids\fluid_system.cpp(156): warning C4244: “参数”: 从“double”转换到“float”，可能丢失数据
     1>d:\otherjobs\pro\mypro\fluids_v3-201704012-fixdensity-marching\fluids\fluid_system.cpp(181): warning C4244: “参数”: 从“double”转换到“float”，可能丢失数据
     1>d:\otherjobs\pro\mypro\fluids_v3-201704012-fixdensity-marching\fluids\fluid_system.cpp(193): warning C4244: “参数”: 从“double”转换到“float”，可能丢失数据
     1>d:\otherjobs\pro\mypro\fluids_v3-201704012-fixdensity-marching\fluids\fluid_system.cpp(193): warning C4244: “参数”: 从“double”转换到“float”，可能丢失数据
     1>d:\otherjobs\pro\mypro\fluids_v3-201704012-fixdensity-marching\fluids\fluid_system.cpp(193): warning C4244: “参数”: 从“double”转换到“float”，可能丢失数据
     1>d:\otherjobs\pro\mypro\fluids_v3-201704012-fixdensity-marching\fluids\fluid_system.cpp(193): warning C4244: “参数”: 从“double”转换到“float”，可能丢失数据
     1>d:\otherjobs\pro\mypro\fluids_v3-201704012-fixdensity-marching\fluids\fluid_system.cpp(193): warning C4244: “参数”: 从“double”转换到“float”，可能丢失数据
     1>d:\otherjobs\pro\mypro\fluids_v3-201704012-fixdensity-marching\fluids\fluid_system.cpp(193): warning C4244: “参数”: 从“double”转换到“float”，可能丢失数据
     1>d:\otherjobs\pro\mypro\fluids_v3-201704012-fixdensity-marching\fluids\fluid_system.cpp(193): warning C4244: “参数”: 从“double”转换到“float”，可能丢失数据
     1>d:\otherjobs\pro\mypro\fluids_v3-201704012-fixdensity-marching\fluids\fluid_system.cpp(193): warning C4244: “参数”: 从“double”转换到“float”，可能丢失数据
     1>d:\otherjobs\pro\mypro\fluids_v3-201704012-fixdensity-marching\fluids\fluid_system.cpp(193): warning C4244: “参数”: 从“double”转换到“float”，可能丢失数据
     1>d:\otherjobs\pro\mypro\fluids_v3-201704012-fixdensity-marching\fluids\fluid_system.cpp(193): warning C4244: “参数”: 从“double”转换到“float”，可能丢失数据
     1>d:\otherjobs\pro\mypro\fluids_v3-201704012-fixdensity-marching\fluids\fluid_system.cpp(193): warning C4244: “参数”: 从“double”转换到“float”，可能丢失数据
     1>d:\otherjobs\pro\mypro\fluids_v3-201704012-fixdensity-marching\fluids\fluid_system.cpp(193): warning C4244: “参数”: 从“double”转换到“float”，可能丢失数据
     1>d:\otherjobs\pro\mypro\fluids_v3-201704012-fixdensity-marching\fluids\fluid_system.cpp(193): warning C4244: “参数”: 从“double”转换到“float”，可能丢失数据
     1>d:\otherjobs\pro\mypro\fluids_v3-201704012-fixdensity-marching\fluids\fluid_system.cpp(193): warning C4244: “参数”: 从“double”转换到“float”，可能丢失数据
     1>d:\otherjobs\pro\mypro\fluids_v3-201704012-fixdensity-marching\fluids\fluid_system.cpp(193): warning C4244: “参数”: 从“double”转换到“float”，可能丢失数据
     1>d:\otherjobs\pro\mypro\fluids_v3-201704012-fixdensity-marching\fluids\fluid_system.cpp(202): warning C4244: “参数”: 从“double”转换到“float”，可能丢失数据
     1>d:\otherjobs\pro\mypro\fluids_v3-201704012-fixdensity-marching\fluids\fluid_system.cpp(202): warning C4244: “参数”: 从“double”转换到“float”，可能丢失数据
     1>d:\otherjobs\pro\mypro\fluids_v3-201704012-fixdensity-marching\fluids\fluid_system.cpp(202): warning C4244: “参数”: 从“double”转换到“float”，可能丢失数据
     1>d:\otherjobs\pro\mypro\fluids_v3-201704012-fixdensity-marching\fluids\fluid_system.cpp(202): warning C4244: “参数”: 从“double”转换到“float”，可能丢失数据
     1>d:\otherjobs\pro\mypro\fluids_v3-201704012-fixdensity-marching\fluids\fluid_system.cpp(202): warning C4244: “参数”: 从“double”转换到“float”，可能丢失数据
     1>d:\otherjobs\pro\mypro\fluids_v3-201704012-fixdensity-marching\fluids\fluid_system.cpp(202): warning C4244: “参数”: 从“double”转换到“float”，可能丢失数据
     1>d:\otherjobs\pro\mypro\fluids_v3-201704012-fixdensity-marching\fluids\fluid_system.cpp(202): warning C4244: “参数”: 从“double”转换到“float”，可能丢失数据
     1>d:\otherjobs\pro\mypro\fluids_v3-201704012-fixdensity-marching\fluids\fluid_system.cpp(202): warning C4244: “参数”: 从“double”转换到“float”，可能丢失数据
     1>d:\otherjobs\pro\mypro\fluids_v3-201704012-fixdensity-marching\fluids\fluid_system.cpp(202): warning C4244: “参数”: 从“double”转换到“float”，可能丢失数据
     1>d:\otherjobs\pro\mypro\fluids_v3-201704012-fixdensity-marching\fluids\fluid_system.cpp(202): warning C4244: “参数”: 从“double”转换到“float”，可能丢失数据
     1>d:\otherjobs\pro\mypro\fluids_v3-201704012-fixdensity-marching\fluids\fluid_system.cpp(202): warning C4244: “参数”: 从“double”转换到“float”，可能丢失数据
     1>d:\otherjobs\pro\mypro\fluids_v3-201704012-fixdensity-marching\fluids\fluid_system.cpp(202): warning C4244: “参数”: 从“double”转换到“float”，可能丢失数据
     1>d:\otherjobs\pro\mypro\fluids_v3-201704012-fixdensity-marching\fluids\fluid_system.cpp(202): warning C4244: “参数”: 从“double”转换到“float”，可能丢失数据
     1>d:\otherjobs\pro\mypro\fluids_v3-201704012-fixdensity-marching\fluids\fluid_system.cpp(202): warning C4244: “参数”: 从“double”转换到“float”，可能丢失数据
     1>d:\otherjobs\pro\mypro\fluids_v3-201704012-fixdensity-marching\fluids\fluid_system.cpp(202): warning C4244: “参数”: 从“double”转换到“float”，可能丢失数据
     1>d:\otherjobs\pro\mypro\fluids_v3-201704012-fixdensity-marching\fluids\fluid_system.cpp(338): warning C4244: “=”: 从“float”转换到“int”，可能丢失数据
     1>d:\otherjobs\pro\mypro\fluids_v3-201704012-fixdensity-marching\fluids\fluid_system.cpp(339): warning C4244: “=”: 从“float”转换到“int”，可能丢失数据
     1>d:\otherjobs\pro\mypro\fluids_v3-201704012-fixdensity-marching\fluids\fluid_system.cpp(336): warning C4101: “y”: 未引用的局部变量
     1>d:\otherjobs\pro\mypro\fluids_v3-201704012-fixdensity-marching\fluids\fluid_system.cpp(341): warning C4101: “xp”: 未引用的局部变量
     1>d:\otherjobs\pro\mypro\fluids_v3-201704012-fixdensity-marching\fluids\fluid_system.cpp(335): warning C4101: “n”: 未引用的局部变量
     1>d:\otherjobs\pro\mypro\fluids_v3-201704012-fixdensity-marching\fluids\fluid_system.cpp(342): warning C4101: “odd”: 未引用的局部变量
     1>d:\otherjobs\pro\mypro\fluids_v3-201704012-fixdensity-marching\fluids\fluid_system.cpp(341): warning C4101: “zp”: 未引用的局部变量
     1>d:\otherjobs\pro\mypro\fluids_v3-201704012-fixdensity-marching\fluids\fluid_system.cpp(341): warning C4101: “yp”: 未引用的局部变量
     1>d:\otherjobs\pro\mypro\fluids_v3-201704012-fixdensity-marching\fluids\fluid_system.cpp(337): warning C4101: “cnty”: 未引用的局部变量
     1>d:\otherjobs\pro\mypro\fluids_v3-201704012-fixdensity-marching\fluids\fluid_system.cpp(398): warning C4244: “初始化”: 从“float”转换到“int”，可能丢失数据
     1>d:\otherjobs\pro\mypro\fluids_v3-201704012-fixdensity-marching\fluids\fluid_system.cpp(604): warning C4244: “参数”: 从“double”转换到“float”，可能丢失数据
     1>d:\otherjobs\pro\mypro\fluids_v3-201704012-fixdensity-marching\fluids\fluid_system.cpp(604): warning C4244: “参数”: 从“double”转换到“float”，可能丢失数据
     1>d:\otherjobs\pro\mypro\fluids_v3-201704012-fixdensity-marching\fluids\fluid_system.cpp(604): warning C4244: “参数”: 从“double”转换到“float”，可能丢失数据
     1>d:\otherjobs\pro\mypro\fluids_v3-201704012-fixdensity-marching\fluids\fluid_system.cpp(630): warning C4244: “参数”: 从“double”转换到“float”，可能丢失数据
     1>d:\otherjobs\pro\mypro\fluids_v3-201704012-fixdensity-marching\fluids\fluid_system.cpp(654): warning C4244: “参数”: 从“double”转换到“float”，可能丢失数据
     1>d:\otherjobs\pro\mypro\fluids_v3-201704012-fixdensity-marching\fluids\fluid_system.cpp(654): warning C4244: “参数”: 从“double”转换到“float”，可能丢失数据
     1>d:\otherjobs\pro\mypro\fluids_v3-201704012-fixdensity-marching\fluids\fluid_system.cpp(654): warning C4244: “参数”: 从“double”转换到“float”，可能丢失数据
     1>d:\otherjobs\pro\mypro\fluids_v3-201704012-fixdensity-marching\fluids\fluid_system.cpp(681): warning C4244: “参数”: 从“double”转换到“float”，可能丢失数据
     1>d:\otherjobs\pro\mypro\fluids_v3-201704012-fixdensity-marching\fluids\fluid_system.cpp(681): warning C4244: “参数”: 从“double”转换到“float”，可能丢失数据
     1>d:\otherjobs\pro\mypro\fluids_v3-201704012-fixdensity-marching\fluids\fluid_system.cpp(681): warning C4244: “参数”: 从“double”转换到“float”，可能丢失数据
     1>d:\otherjobs\pro\mypro\fluids_v3-201704012-fixdensity-marching\fluids\fluid_system.cpp(692): warning C4244: “参数”: 从“double”转换到“float”，可能丢失数据
     1>d:\otherjobs\pro\mypro\fluids_v3-201704012-fixdensity-marching\fluids\fluid_system.cpp(851): warning C4244: “=”: 从“double”转换到“float”，可能丢失数据
     1>d:\otherjobs\pro\mypro\fluids_v3-201704012-fixdensity-marching\fluids\fluid_system.cpp(852): warning C4244: “=”: 从“double”转换到“float”，可能丢失数据
     1>d:\otherjobs\pro\mypro\fluids_v3-201704012-fixdensity-marching\fluids\fluid_system.cpp(854): warning C4244: “=”: 从“double”转换到“float”，可能丢失数据
     1>d:\otherjobs\pro\mypro\fluids_v3-201704012-fixdensity-marching\fluids\fluid_system.cpp(855): warning C4244: “=”: 从“double”转换到“float”，可能丢失数据
     1>d:\otherjobs\pro\mypro\fluids_v3-201704012-fixdensity-marching\fluids\fluid_system.cpp(856): warning C4244: “=”: 从“double”转换到“float”，可能丢失数据
     1>d:\otherjobs\pro\mypro\fluids_v3-201704012-fixdensity-marching\fluids\fluid_system.cpp(859): warning C4244: “=”: 从“double”转换到“float”，可能丢失数据
     1>d:\otherjobs\pro\mypro\fluids_v3-201704012-fixdensity-marching\fluids\fluid_system.cpp(962): warning C4244: “=”: 从“double”转换到“float”，可能丢失数据
     1>d:\otherjobs\pro\mypro\fluids_v3-201704012-fixdensity-marching\fluids\fluid_system.cpp(965): warning C4244: “参数”: 从“double”转换到“const float”，可能丢失数据
     1>d:\otherjobs\pro\mypro\fluids_v3-201704012-fixdensity-marching\fluids\fluid_system.cpp(965): warning C4244: “参数”: 从“double”转换到“const float”，可能丢失数据
     1>d:\otherjobs\pro\mypro\fluids_v3-201704012-fixdensity-marching\fluids\fluid_system.cpp(967): warning C4244: “+=”: 从“double”转换到“float”，可能丢失数据
     1>d:\otherjobs\pro\mypro\fluids_v3-201704012-fixdensity-marching\fluids\fluid_system.cpp(967): warning C4244: “+=”: 从“double”转换到“float”，可能丢失数据
     1>d:\otherjobs\pro\mypro\fluids_v3-201704012-fixdensity-marching\fluids\fluid_system.cpp(967): warning C4244: “+=”: 从“double”转换到“float”，可能丢失数据
     1>d:\otherjobs\pro\mypro\fluids_v3-201704012-fixdensity-marching\fluids\fluid_system.cpp(974): warning C4244: “+=”: 从“double”转换到“float”，可能丢失数据
     1>d:\otherjobs\pro\mypro\fluids_v3-201704012-fixdensity-marching\fluids\fluid_system.cpp(974): warning C4244: “+=”: 从“double”转换到“float”，可能丢失数据
     1>d:\otherjobs\pro\mypro\fluids_v3-201704012-fixdensity-marching\fluids\fluid_system.cpp(974): warning C4244: “+=”: 从“double”转换到“float”，可能丢失数据
     1>d:\otherjobs\pro\mypro\fluids_v3-201704012-fixdensity-marching\fluids\fluid_system.cpp(979): warning C4244: “=”: 从“double”转换到“float”，可能丢失数据
     1>d:\otherjobs\pro\mypro\fluids_v3-201704012-fixdensity-marching\fluids\fluid_system.cpp(985): warning C4244: “+=”: 从“double”转换到“float”，可能丢失数据
     1>d:\otherjobs\pro\mypro\fluids_v3-201704012-fixdensity-marching\fluids\fluid_system.cpp(985): warning C4244: “+=”: 从“double”转换到“float”，可能丢失数据
     1>d:\otherjobs\pro\mypro\fluids_v3-201704012-fixdensity-marching\fluids\fluid_system.cpp(985): warning C4244: “+=”: 从“double”转换到“float”，可能丢失数据
     1>d:\otherjobs\pro\mypro\fluids_v3-201704012-fixdensity-marching\fluids\fluid_system.cpp(988): warning C4244: “=”: 从“double”转换到“float”，可能丢失数据
     1>d:\otherjobs\pro\mypro\fluids_v3-201704012-fixdensity-marching\fluids\fluid_system.cpp(993): warning C4244: “+=”: 从“double”转换到“float”，可能丢失数据
     1>d:\otherjobs\pro\mypro\fluids_v3-201704012-fixdensity-marching\fluids\fluid_system.cpp(993): warning C4244: “+=”: 从“double”转换到“float”，可能丢失数据
     1>d:\otherjobs\pro\mypro\fluids_v3-201704012-fixdensity-marching\fluids\fluid_system.cpp(993): warning C4244: “+=”: 从“double”转换到“float”，可能丢失数据
     1>d:\otherjobs\pro\mypro\fluids_v3-201704012-fixdensity-marching\fluids\fluid_system.cpp(1003): warning C4244: “+=”: 从“double”转换到“float”，可能丢失数据
     1>d:\otherjobs\pro\mypro\fluids_v3-201704012-fixdensity-marching\fluids\fluid_system.cpp(1003): warning C4244: “+=”: 从“double”转换到“float”，可能丢失数据
     1>d:\otherjobs\pro\mypro\fluids_v3-201704012-fixdensity-marching\fluids\fluid_system.cpp(1003): warning C4244: “+=”: 从“double”转换到“float”，可能丢失数据
     1>d:\otherjobs\pro\mypro\fluids_v3-201704012-fixdensity-marching\fluids\fluid_system.cpp(1010): warning C4244: “+=”: 从“double”转换到“float”，可能丢失数据
     1>d:\otherjobs\pro\mypro\fluids_v3-201704012-fixdensity-marching\fluids\fluid_system.cpp(1010): warning C4244: “+=”: 从“double”转换到“float”，可能丢失数据
     1>d:\otherjobs\pro\mypro\fluids_v3-201704012-fixdensity-marching\fluids\fluid_system.cpp(1010): warning C4244: “+=”: 从“double”转换到“float”，可能丢失数据
     1>d:\otherjobs\pro\mypro\fluids_v3-201704012-fixdensity-marching\fluids\fluid_system.cpp(1020): warning C4244: “+=”: 从“double”转换到“float”，可能丢失数据
     1>d:\otherjobs\pro\mypro\fluids_v3-201704012-fixdensity-marching\fluids\fluid_system.cpp(1020): warning C4244: “+=”: 从“double”转换到“float”，可能丢失数据
     1>d:\otherjobs\pro\mypro\fluids_v3-201704012-fixdensity-marching\fluids\fluid_system.cpp(1020): warning C4244: “+=”: 从“double”转换到“float”，可能丢失数据
     1>d:\otherjobs\pro\mypro\fluids_v3-201704012-fixdensity-marching\fluids\fluid_system.cpp(1030): warning C4244: “+=”: 从“double”转换到“float”，可能丢失数据
     1>d:\otherjobs\pro\mypro\fluids_v3-201704012-fixdensity-marching\fluids\fluid_system.cpp(1030): warning C4244: “+=”: 从“double”转换到“float”，可能丢失数据
     1>d:\otherjobs\pro\mypro\fluids_v3-201704012-fixdensity-marching\fluids\fluid_system.cpp(1030): warning C4244: “+=”: 从“double”转换到“float”，可能丢失数据
     1>d:\otherjobs\pro\mypro\fluids_v3-201704012-fixdensity-marching\fluids\fluid_system.cpp(1039): warning C4244: “+=”: 从“double”转换到“float”，可能丢失数据
     1>d:\otherjobs\pro\mypro\fluids_v3-201704012-fixdensity-marching\fluids\fluid_system.cpp(1039): warning C4244: “+=”: 从“double”转换到“float”，可能丢失数据
     1>d:\otherjobs\pro\mypro\fluids_v3-201704012-fixdensity-marching\fluids\fluid_system.cpp(1039): warning C4244: “+=”: 从“double”转换到“float”，可能丢失数据
     1>d:\otherjobs\pro\mypro\fluids_v3-201704012-fixdensity-marching\fluids\fluid_system.cpp(1132): warning C4305: “=”: 从“double”到“float”截断
     1>d:\otherjobs\pro\mypro\fluids_v3-201704012-fixdensity-marching\fluids\fluid_system.cpp(1133): warning C4305: “=”: 从“double”到“float”截断
     1>d:\otherjobs\pro\mypro\fluids_v3-201704012-fixdensity-marching\fluids\fluid_system.cpp(1233): warning C4244: “=”: 从“float”转换到“int”，可能丢失数据
     1>d:\otherjobs\pro\mypro\fluids_v3-201704012-fixdensity-marching\fluids\fluid_system.cpp(1234): warning C4244: “=”: 从“float”转换到“int”，可能丢失数据
     1>d:\otherjobs\pro\mypro\fluids_v3-201704012-fixdensity-marching\fluids\fluid_system.cpp(1235): warning C4244: “=”: 从“float”转换到“int”，可能丢失数据
     1>d:\otherjobs\pro\mypro\fluids_v3-201704012-fixdensity-marching\fluids\fluid_system.cpp(1257): warning C4244: “=”: 从“double”转换到“int”，可能丢失数据
     1>d:\otherjobs\pro\mypro\fluids_v3-201704012-fixdensity-marching\fluids\fluid_system.cpp(1326): warning C4244: “初始化”: 从“double”转换到“float”，可能丢失数据
     1>d:\otherjobs\pro\mypro\fluids_v3-201704012-fixdensity-marching\fluids\fluid_system.cpp(1328): warning C4244: “初始化”: 从“double”转换到“int”，可能丢失数据
     1>d:\otherjobs\pro\mypro\fluids_v3-201704012-fixdensity-marching\fluids\fluid_system.cpp(1308): warning C4101: “gz”: 未引用的局部变量
     1>d:\otherjobs\pro\mypro\fluids_v3-201704012-fixdensity-marching\fluids\fluid_system.cpp(1308): warning C4101: “gy”: 未引用的局部变量
     1>d:\otherjobs\pro\mypro\fluids_v3-201704012-fixdensity-marching\fluids\fluid_system.cpp(1308): warning C4101: “gx”: 未引用的局部变量
     1>d:\otherjobs\pro\mypro\fluids_v3-201704012-fixdensity-marching\fluids\fluid_system.cpp(1429): warning C4244: “初始化”: 从“double”转换到“float”，可能丢失数据
     1>d:\otherjobs\pro\mypro\fluids_v3-201704012-fixdensity-marching\fluids\fluid_system.cpp(1460): warning C4244: “初始化”: 从“double”转换到“float”，可能丢失数据
     1>d:\otherjobs\pro\mypro\fluids_v3-201704012-fixdensity-marching\fluids\fluid_system.cpp(1464): warning C4101: “jpos”: 未引用的局部变量
     1>d:\otherjobs\pro\mypro\fluids_v3-201704012-fixdensity-marching\fluids\fluid_system.cpp(1495): warning C4244: “初始化”: 从“double”转换到“float”，可能丢失数据
     1>d:\otherjobs\pro\mypro\fluids_v3-201704012-fixdensity-marching\fluids\fluid_system.cpp(1497): warning C4244: “初始化”: 从“double”转换到“float”，可能丢失数据
     1>d:\otherjobs\pro\mypro\fluids_v3-201704012-fixdensity-marching\fluids\fluid_system.cpp(1525): warning C4258: “i”: 忽略 For 循环中的定义；使用封闭范围中的定义
                 d:\otherjobs\pro\mypro\fluids_v3-201704012-fixdensity-marching\fluids\fluid_system.cpp(1524) : 忽略“i”的定义
                 d:\otherjobs\pro\mypro\fluids_v3-201704012-fixdensity-marching\fluids\fluid_system.cpp(1492) : 使用“i”的定义
     1>d:\otherjobs\pro\mypro\fluids_v3-201704012-fixdensity-marching\fluids\fluid_system.cpp(1527): warning C4258: “i”: 忽略 For 循环中的定义；使用封闭范围中的定义
                 d:\otherjobs\pro\mypro\fluids_v3-201704012-fixdensity-marching\fluids\fluid_system.cpp(1524) : 忽略“i”的定义
                 d:\otherjobs\pro\mypro\fluids_v3-201704012-fixdensity-marching\fluids\fluid_system.cpp(1492) : 使用“i”的定义
     1>d:\otherjobs\pro\mypro\fluids_v3-201704012-fixdensity-marching\fluids\fluid_system.cpp(1532): warning C4258: “i”: 忽略 For 循环中的定义；使用封闭范围中的定义
                 d:\otherjobs\pro\mypro\fluids_v3-201704012-fixdensity-marching\fluids\fluid_system.cpp(1524) : 忽略“i”的定义
                 d:\otherjobs\pro\mypro\fluids_v3-201704012-fixdensity-marching\fluids\fluid_system.cpp(1492) : 使用“i”的定义
     1>d:\otherjobs\pro\mypro\fluids_v3-201704012-fixdensity-marching\fluids\fluid_system.cpp(1537): warning C4244: “=”: 从“double”转换到“float”，可能丢失数据
     1>d:\otherjobs\pro\mypro\fluids_v3-201704012-fixdensity-marching\fluids\fluid_system.cpp(1581): warning C4244: “初始化”: 从“double”转换到“float”，可能丢失数据
     1>d:\otherjobs\pro\mypro\fluids_v3-201704012-fixdensity-marching\fluids\fluid_system.cpp(1595): warning C4244: “=”: 从“double”转换到“float”，可能丢失数据
     1>d:\otherjobs\pro\mypro\fluids_v3-201704012-fixdensity-marching\fluids\fluid_system.cpp(1600): warning C4244: “初始化”: 从“double”转换到“float”，可能丢失数据
     1>d:\otherjobs\pro\mypro\fluids_v3-201704012-fixdensity-marching\fluids\fluid_system.cpp(1609): warning C4244: “*=”: 从“double”转换到“float”，可能丢失数据
     1>d:\otherjobs\pro\mypro\fluids_v3-201704012-fixdensity-marching\fluids\fluid_system.cpp(1610): warning C4244: “=”: 从“double”转换到“float”，可能丢失数据
     1>d:\otherjobs\pro\mypro\fluids_v3-201704012-fixdensity-marching\fluids\fluid_system.cpp(1611): warning C4244: “=”: 从“double”转换到“float”，可能丢失数据
     1>d:\otherjobs\pro\mypro\fluids_v3-201704012-fixdensity-marching\fluids\fluid_system.cpp(1507): warning C4101: “jnext”: 未引用的局部变量
     1>d:\otherjobs\pro\mypro\fluids_v3-201704012-fixdensity-marching\fluids\fluid_system.cpp(1494): warning C4101: “dy”: 未引用的局部变量
     1>d:\otherjobs\pro\mypro\fluids_v3-201704012-fixdensity-marching\fluids\fluid_system.cpp(1516): warning C4101: “dis2”: 未引用的局部变量
     1>d:\otherjobs\pro\mypro\fluids_v3-201704012-fixdensity-marching\fluids\fluid_system.cpp(1494): warning C4101: “dz”: 未引用的局部变量
     1>d:\otherjobs\pro\mypro\fluids_v3-201704012-fixdensity-marching\fluids\fluid_system.cpp(1516): warning C4101: “dis”: 未引用的局部变量
     1>d:\otherjobs\pro\mypro\fluids_v3-201704012-fixdensity-marching\fluids\fluid_system.cpp(1517): warning C4101: “r”: 未引用的局部变量
     1>d:\otherjobs\pro\mypro\fluids_v3-201704012-fixdensity-marching\fluids\fluid_system.cpp(1494): warning C4101: “dx”: 未引用的局部变量
     1>d:\otherjobs\pro\mypro\fluids_v3-201704012-fixdensity-marching\fluids\fluid_system.cpp(1493): warning C4101: “nbr”: 未引用的局部变量
     1>d:\otherjobs\pro\mypro\fluids_v3-201704012-fixdensity-marching\fluids\fluid_system.cpp(1635): warning C4244: “=”: 从“double”转换到“float”，可能丢失数据
     1>d:\otherjobs\pro\mypro\fluids_v3-201704012-fixdensity-marching\fluids\fluid_system.cpp(1636): warning C4244: “=”: 从“double”转换到“float”，可能丢失数据
     1>d:\otherjobs\pro\mypro\fluids_v3-201704012-fixdensity-marching\fluids\fluid_system.cpp(1637): warning C4244: “=”: 从“double”转换到“float”，可能丢失数据
     1>d:\otherjobs\pro\mypro\fluids_v3-201704012-fixdensity-marching\fluids\fluid_system.cpp(1672): warning C4258: “i”: 忽略 For 循环中的定义；使用封闭范围中的定义
                 d:\otherjobs\pro\mypro\fluids_v3-201704012-fixdensity-marching\fluids\fluid_system.cpp(1670) : 忽略“i”的定义
                 d:\otherjobs\pro\mypro\fluids_v3-201704012-fixdensity-marching\fluids\fluid_system.cpp(1630) : 使用“i”的定义
     1>d:\otherjobs\pro\mypro\fluids_v3-201704012-fixdensity-marching\fluids\fluid_system.cpp(1674): warning C4258: “i”: 忽略 For 循环中的定义；使用封闭范围中的定义
                 d:\otherjobs\pro\mypro\fluids_v3-201704012-fixdensity-marching\fluids\fluid_system.cpp(1670) : 忽略“i”的定义
                 d:\otherjobs\pro\mypro\fluids_v3-201704012-fixdensity-marching\fluids\fluid_system.cpp(1630) : 使用“i”的定义
     1>d:\otherjobs\pro\mypro\fluids_v3-201704012-fixdensity-marching\fluids\fluid_system.cpp(1677): warning C4258: “i”: 忽略 For 循环中的定义；使用封闭范围中的定义
                 d:\otherjobs\pro\mypro\fluids_v3-201704012-fixdensity-marching\fluids\fluid_system.cpp(1670) : 忽略“i”的定义
                 d:\otherjobs\pro\mypro\fluids_v3-201704012-fixdensity-marching\fluids\fluid_system.cpp(1630) : 使用“i”的定义
     1>d:\otherjobs\pro\mypro\fluids_v3-201704012-fixdensity-marching\fluids\fluid_system.cpp(1694): warning C4244: “=”: 从“double”转换到“float”，可能丢失数据
     1>d:\otherjobs\pro\mypro\fluids_v3-201704012-fixdensity-marching\fluids\fluid_system.cpp(1695): warning C4244: “=”: 从“double”转换到“float”，可能丢失数据
     1>d:\otherjobs\pro\mypro\fluids_v3-201704012-fixdensity-marching\fluids\fluid_system.cpp(1728): warning C4244: “初始化”: 从“double”转换到“float”，可能丢失数据
     1>d:\otherjobs\pro\mypro\fluids_v3-201704012-fixdensity-marching\fluids\fluid_system.cpp(1749): warning C4244: “初始化”: 从“double”转换到“float”，可能丢失数据
     1>d:\otherjobs\pro\mypro\fluids_v3-201704012-fixdensity-marching\fluids\fluid_system.cpp(1759): warning C4244: “初始化”: 从“double”转换到“float”，可能丢失数据
     1>d:\otherjobs\pro\mypro\fluids_v3-201704012-fixdensity-marching\fluids\fluid_system.cpp(1774): warning C4244: “初始化”: 从“double”转换到“float”，可能丢失数据
     1>d:\otherjobs\pro\mypro\fluids_v3-201704012-fixdensity-marching\fluids\fluid_system.cpp(1775): warning C4244: “*=”: 从“double”转换到“float”，可能丢失数据
     1>d:\otherjobs\pro\mypro\fluids_v3-201704012-fixdensity-marching\fluids\fluid_system.cpp(1633): warning C4101: “mR2”: 未引用的局部变量
     1>d:\otherjobs\pro\mypro\fluids_v3-201704012-fixdensity-marching\fluids\fluid_system.cpp(1658): warning C4101: “dis2”: 未引用的局部变量
     1>d:\otherjobs\pro\mypro\fluids_v3-201704012-fixdensity-marching\fluids\fluid_system.cpp(1660): warning C4101: “sumfix”: 未引用的局部变量
     1>d:\otherjobs\pro\mypro\fluids_v3-201704012-fixdensity-marching\fluids\fluid_system.cpp(1658): warning C4101: “dis”: 未引用的局部变量
     1>d:\otherjobs\pro\mypro\fluids_v3-201704012-fixdensity-marching\fluids\fluid_system.cpp(1645): warning C4101: “jndx”: 未引用的局部变量
     1>d:\otherjobs\pro\mypro\fluids_v3-201704012-fixdensity-marching\fluids\fluid_system.cpp(1630): warning C4101: “nbr”: 未引用的局部变量
     1>d:\otherjobs\pro\mypro\fluids_v3-201704012-fixdensity-marching\fluids\fluid_system.cpp(1806): warning C4244: “=”: 从“double”转换到“float”，可能丢失数据
     1>d:\otherjobs\pro\mypro\fluids_v3-201704012-fixdensity-marching\fluids\fluid_system.cpp(1807): warning C4244: “=”: 从“double”转换到“float”，可能丢失数据
     1>d:\otherjobs\pro\mypro\fluids_v3-201704012-fixdensity-marching\fluids\fluid_system.cpp(1808): warning C4244: “=”: 从“double”转换到“float”，可能丢失数据
     1>d:\otherjobs\pro\mypro\fluids_v3-201704012-fixdensity-marching\fluids\fluid_system.cpp(1841): warning C4244: “=”: 从“double”转换到“float”，可能丢失数据
     1>d:\otherjobs\pro\mypro\fluids_v3-201704012-fixdensity-marching\fluids\fluid_system.cpp(1843): warning C4244: “=”: 从“double”转换到“float”，可能丢失数据
     1>d:\otherjobs\pro\mypro\fluids_v3-201704012-fixdensity-marching\fluids\fluid_system.cpp(1804): warning C4101: “mR2”: 未引用的局部变量
     1>d:\otherjobs\pro\mypro\fluids_v3-201704012-fixdensity-marching\fluids\fluid_system.cpp(1801): warning C4101: “nbr”: 未引用的局部变量
     1>d:\otherjobs\pro\mypro\fluids_v3-201704012-fixdensity-marching\fluids\fluid_system.cpp(1877): warning C4244: “初始化”: 从“double”转换到“float”，可能丢失数据
     1>d:\otherjobs\pro\mypro\fluids_v3-201704012-fixdensity-marching\fluids\fluid_system.cpp(1878): warning C4244: “初始化”: 从“double”转换到“float”，可能丢失数据
     1>d:\otherjobs\pro\mypro\fluids_v3-201704012-fixdensity-marching\fluids\fluid_system.cpp(1889): warning C4244: “=”: 从“double”转换到“float”，可能丢失数据
     1>d:\otherjobs\pro\mypro\fluids_v3-201704012-fixdensity-marching\fluids\fluid_system.cpp(1890): warning C4244: “=”: 从“double”转换到“float”，可能丢失数据
     1>d:\otherjobs\pro\mypro\fluids_v3-201704012-fixdensity-marching\fluids\fluid_system.cpp(1891): warning C4244: “=”: 从“double”转换到“float”，可能丢失数据
     1>d:\otherjobs\pro\mypro\fluids_v3-201704012-fixdensity-marching\fluids\fluid_system.cpp(1892): warning C4244: “=”: 从“double”转换到“float”，可能丢失数据
     1>d:\otherjobs\pro\mypro\fluids_v3-201704012-fixdensity-marching\fluids\fluid_system.cpp(1893): warning C4244: “=”: 从“double”转换到“float”，可能丢失数据
     1>d:\otherjobs\pro\mypro\fluids_v3-201704012-fixdensity-marching\fluids\fluid_system.cpp(1894): warning C4244: “=”: 从“double”转换到“float”，可能丢失数据
     1>d:\otherjobs\pro\mypro\fluids_v3-201704012-fixdensity-marching\fluids\fluid_system.cpp(1960): warning C4244: “参数”: 从“int”转换到“const float”，可能丢失数据
     1>d:\otherjobs\pro\mypro\fluids_v3-201704012-fixdensity-marching\fluids\fluid_system.cpp(1960): warning C4244: “参数”: 从“int”转换到“const float”，可能丢失数据
     1>d:\otherjobs\pro\mypro\fluids_v3-201704012-fixdensity-marching\fluids\fluid_system.cpp(1966): warning C4244: “参数”: 从“int”转换到“const float”，可能丢失数据
     1>d:\otherjobs\pro\mypro\fluids_v3-201704012-fixdensity-marching\fluids\fluid_system.cpp(1966): warning C4244: “参数”: 从“int”转换到“const float”，可能丢失数据
     1>d:\otherjobs\pro\mypro\fluids_v3-201704012-fixdensity-marching\fluids\fluid_system.cpp(1972): warning C4244: “参数”: 从“int”转换到“const float”，可能丢失数据
     1>d:\otherjobs\pro\mypro\fluids_v3-201704012-fixdensity-marching\fluids\fluid_system.cpp(1972): warning C4244: “参数”: 从“int”转换到“const float”，可能丢失数据
     1>d:\otherjobs\pro\mypro\fluids_v3-201704012-fixdensity-marching\fluids\fluid_system.cpp(1986): warning C4244: “参数”: 从“int”转换到“GLfloat”，可能丢失数据
     1>d:\otherjobs\pro\mypro\fluids_v3-201704012-fixdensity-marching\fluids\fluid_system.cpp(2010): warning C4244: “参数”: 从“double”转换到“GLfloat”，可能丢失数据
     1>d:\otherjobs\pro\mypro\fluids_v3-201704012-fixdensity-marching\fluids\fluid_system.cpp(2010): warning C4244: “参数”: 从“double”转换到“GLfloat”，可能丢失数据
     1>d:\otherjobs\pro\mypro\fluids_v3-201704012-fixdensity-marching\fluids\fluid_system.cpp(2010): warning C4244: “参数”: 从“double”转换到“GLfloat”，可能丢失数据
     1>d:\otherjobs\pro\mypro\fluids_v3-201704012-fixdensity-marching\fluids\fluid_system.cpp(2010): warning C4244: “参数”: 从“double”转换到“GLfloat”，可能丢失数据
     1>d:\otherjobs\pro\mypro\fluids_v3-201704012-fixdensity-marching\fluids\fluid_system.cpp(2030): warning C4244: “=”: 从“double”转换到“float”，可能丢失数据
     1>d:\otherjobs\pro\mypro\fluids_v3-201704012-fixdensity-marching\fluids\fluid_system.cpp(2031): warning C4244: “=”: 从“double”转换到“float”，可能丢失数据
     1>d:\otherjobs\pro\mypro\fluids_v3-201704012-fixdensity-marching\fluids\fluid_system.cpp(2051): warning C4244: “参数”: 从“double”转换到“GLfloat”，可能丢失数据
     1>d:\otherjobs\pro\mypro\fluids_v3-201704012-fixdensity-marching\fluids\fluid_system.cpp(2051): warning C4244: “参数”: 从“double”转换到“GLfloat”，可能丢失数据
     1>d:\otherjobs\pro\mypro\fluids_v3-201704012-fixdensity-marching\fluids\fluid_system.cpp(2051): warning C4244: “参数”: 从“double”转换到“GLfloat”，可能丢失数据
     1>d:\otherjobs\pro\mypro\fluids_v3-201704012-fixdensity-marching\fluids\fluid_system.cpp(2051): warning C4244: “参数”: 从“double”转换到“GLfloat”，可能丢失数据
     1>d:\otherjobs\pro\mypro\fluids_v3-201704012-fixdensity-marching\fluids\fluid_system.cpp(2072): warning C4305: “参数”: 从“double”到“GLfloat”截断
     1>d:\otherjobs\pro\mypro\fluids_v3-201704012-fixdensity-marching\fluids\fluid_system.cpp(2072): warning C4305: “参数”: 从“double”到“GLfloat”截断
     1>d:\otherjobs\pro\mypro\fluids_v3-201704012-fixdensity-marching\fluids\fluid_system.cpp(2072): warning C4305: “参数”: 从“double”到“GLfloat”截断
     1>d:\otherjobs\pro\mypro\fluids_v3-201704012-fixdensity-marching\fluids\fluid_system.cpp(2072): warning C4305: “参数”: 从“double”到“GLfloat”截断
     1>d:\otherjobs\pro\mypro\fluids_v3-201704012-fixdensity-marching\fluids\fluid_system.cpp(2119): warning C4305: “参数”: 从“double”到“GLfloat”截断
     1>d:\otherjobs\pro\mypro\fluids_v3-201704012-fixdensity-marching\fluids\fluid_system.cpp(2174): warning C4305: “参数”: 从“double”到“GLfloat”截断
     1>d:\otherjobs\pro\mypro\fluids_v3-201704012-fixdensity-marching\fluids\fluid_system.cpp(2208): warning C4244: “参数”: 从“double”转换到“GLfloat”，可能丢失数据
     1>d:\otherjobs\pro\mypro\fluids_v3-201704012-fixdensity-marching\fluids\fluid_system.cpp(2208): warning C4244: “参数”: 从“double”转换到“GLfloat”，可能丢失数据
     1>d:\otherjobs\pro\mypro\fluids_v3-201704012-fixdensity-marching\fluids\fluid_system.cpp(2208): warning C4244: “参数”: 从“double”转换到“GLfloat”，可能丢失数据
     1>d:\otherjobs\pro\mypro\fluids_v3-201704012-fixdensity-marching\fluids\fluid_system.cpp(2208): warning C4244: “参数”: 从“double”转换到“GLfloat”，可能丢失数据
     1>d:\otherjobs\pro\mypro\fluids_v3-201704012-fixdensity-marching\fluids\fluid_system.cpp(2061): warning C4101: “dat”: 未引用的局部变量
     1>d:\otherjobs\pro\mypro\fluids_v3-201704012-fixdensity-marching\fluids\fluid_system.cpp(2396): warning C4244: “+=”: 从“double”转换到“float”，可能丢失数据
     1>d:\otherjobs\pro\mypro\fluids_v3-201704012-fixdensity-marching\fluids\fluid_system.cpp(2508): warning C4244: “=”: 从“double”转换到“float”，可能丢失数据
     1>d:\otherjobs\pro\mypro\fluids_v3-201704012-fixdensity-marching\fluids\fluid_system.cpp(2509): warning C4244: “=”: 从“double”转换到“float”，可能丢失数据
     1>d:\otherjobs\pro\mypro\fluids_v3-201704012-fixdensity-marching\fluids\fluid_system.cpp(2555): warning C4244: “参数”: 从“int”转换到“float”，可能丢失数据
     1>d:\otherjobs\pro\mypro\fluids_v3-201704012-fixdensity-marching\fluids\fluid_system.cpp(2645): warning C4305: “参数”: 从“double”到“const float”截断
     1>d:\otherjobs\pro\mypro\fluids_v3-201704012-fixdensity-marching\fluids\fluid_system.cpp(2706): warning C4244: “return”: 从“double”转换到“int”，可能丢失数据
     1>d:\otherjobs\pro\mypro\fluids_v3-201704012-fixdensity-marching\fluids\fluid_system.cpp(2718): warning C4244: “初始化”: 从“float”转换到“int”，可能丢失数据
     1>d:\otherjobs\pro\mypro\fluids_v3-201704012-fixdensity-marching\fluids\fluid_system.cpp(2720): warning C4244: “参数”: 从“double”转换到“const float”，可能丢失数据
     1>d:\otherjobs\pro\mypro\fluids_v3-201704012-fixdensity-marching\fluids\fluid_system.cpp(2720): warning C4244: “参数”: 从“double”转换到“const float”，可能丢失数据
     1>d:\otherjobs\pro\mypro\fluids_v3-201704012-fixdensity-marching\fluids\fluid_system.cpp(2720): warning C4244: “参数”: 从“double”转换到“const float”，可能丢失数据
     1>d:\otherjobs\pro\mypro\fluids_v3-201704012-fixdensity-marching\fluids\fluid_system.cpp(2722): warning C4244: “参数”: 从“double”转换到“const float”，可能丢失数据
     1>d:\otherjobs\pro\mypro\fluids_v3-201704012-fixdensity-marching\fluids\fluid_system.cpp(2722): warning C4244: “参数”: 从“double”转换到“const float”，可能丢失数据
     1>d:\otherjobs\pro\mypro\fluids_v3-201704012-fixdensity-marching\fluids\fluid_system.cpp(2722): warning C4244: “参数”: 从“double”转换到“const float”，可能丢失数据
     1>d:\otherjobs\pro\mypro\fluids_v3-201704012-fixdensity-marching\fluids\fluid_system.cpp(2861): warning C4101: “fScreenshot”: 未引用的局部变量
     1>d:\otherjobs\pro\mypro\fluids_v3-201704012-fixdensity-marching\fluids\fluid_system.cpp(2862): warning C4101: “fileName”: 未引用的局部变量
     1>d:\otherjobs\pro\mypro\fluids_v3-201704012-fixdensity-marching\fluids\fluid_system.cpp(2920): warning C4244: “初始化”: 从“double”转换到“float”，可能丢失数据
     1>d:\otherjobs\pro\mypro\fluids_v3-201704012-fixdensity-marching\fluids\fluid_system.cpp(2923): warning C4244: “初始化”: 从“double”转换到“float”，可能丢失数据
     1>d:\otherjobs\pro\mypro\fluids_v3-201704012-fixdensity-marching\fluids\fluid_system.cpp(2924): warning C4244: “初始化”: 从“double”转换到“float”，可能丢失数据
     1>d:\otherjobs\pro\mypro\fluids_v3-201704012-fixdensity-marching\fluids\fluid_system.cpp(2925): warning C4244: “初始化”: 从“double”转换到“float”，可能丢失数据
     1>d:\otherjobs\pro\mypro\fluids_v3-201704012-fixdensity-marching\fluids\fluid_system.cpp(2936): warning C4101: “jnext”: 未引用的局部变量
     1>d:\otherjobs\pro\mypro\fluids_v3-201704012-fixdensity-marching\fluids\fluid_system.cpp(2919): warning C4101: “dy”: 未引用的局部变量
     1>d:\otherjobs\pro\mypro\fluids_v3-201704012-fixdensity-marching\fluids\fluid_system.cpp(2919): warning C4101: “dz”: 未引用的局部变量
     1>d:\otherjobs\pro\mypro\fluids_v3-201704012-fixdensity-marching\fluids\fluid_system.cpp(2919): warning C4101: “dx”: 未引用的局部变量
     1>d:\otherjobs\pro\mypro\fluids_v3-201704012-fixdensity-marching\fluids\fluid_system.cpp(2918): warning C4101: “nbr”: 未引用的局部变量
     1>d:\otherjobs\pro\mypro\fluids_v3-201704012-fixdensity-marching\fluids\fluid_system.cpp(3048): warning C4244: “初始化”: 从“double”转换到“float”，可能丢失数据
     1>d:\otherjobs\pro\mypro\fluids_v3-201704012-fixdensity-marching\fluids\fluid_system.cpp(3051): warning C4244: “初始化”: 从“double”转换到“float”，可能丢失数据
     1>d:\otherjobs\pro\mypro\fluids_v3-201704012-fixdensity-marching\fluids\fluid_system.cpp(3089): warning C4305: “-=”: 从“double”到“float”截断
     1>d:\otherjobs\pro\mypro\fluids_v3-201704012-fixdensity-marching\fluids\fluid_system.cpp(3062): warning C4101: “jnext”: 未引用的局部变量
     1>d:\otherjobs\pro\mypro\fluids_v3-201704012-fixdensity-marching\fluids\fluid_system.cpp(3047): warning C4101: “dy”: 未引用的局部变量
     1>d:\otherjobs\pro\mypro\fluids_v3-201704012-fixdensity-marching\fluids\fluid_system.cpp(3047): warning C4101: “dz”: 未引用的局部变量
     1>d:\otherjobs\pro\mypro\fluids_v3-201704012-fixdensity-marching\fluids\fluid_system.cpp(3047): warning C4101: “r”: 未引用的局部变量
     1>d:\otherjobs\pro\mypro\fluids_v3-201704012-fixdensity-marching\fluids\fluid_system.cpp(3047): warning C4101: “dx”: 未引用的局部变量
     1>d:\otherjobs\pro\mypro\fluids_v3-201704012-fixdensity-marching\fluids\fluid_system.cpp(3046): warning C4101: “nbr”: 未引用的局部变量
     1>d:\otherjobs\pro\mypro\fluids_v3-201704012-fixdensity-marching\fluids\fluid_system.cpp(3121): warning C4244: “初始化”: 从“double”转换到“float”，可能丢失数据
     1>d:\otherjobs\pro\mypro\fluids_v3-201704012-fixdensity-marching\fluids\fluid_system.cpp(3123): warning C4244: “初始化”: 从“double”转换到“float”，可能丢失数据
     1>d:\otherjobs\pro\mypro\fluids_v3-201704012-fixdensity-marching\fluids\fluid_system.cpp(3150): warning C4258: “i”: 忽略 For 循环中的定义；使用封闭范围中的定义
                 d:\otherjobs\pro\mypro\fluids_v3-201704012-fixdensity-marching\fluids\fluid_system.cpp(3149) : 忽略“i”的定义
                 d:\otherjobs\pro\mypro\fluids_v3-201704012-fixdensity-marching\fluids\fluid_system.cpp(3115) : 使用“i”的定义
     1>d:\otherjobs\pro\mypro\fluids_v3-201704012-fixdensity-marching\fluids\fluid_system.cpp(3152): warning C4258: “i”: 忽略 For 循环中的定义；使用封闭范围中的定义
                 d:\otherjobs\pro\mypro\fluids_v3-201704012-fixdensity-marching\fluids\fluid_system.cpp(3149) : 忽略“i”的定义
                 d:\otherjobs\pro\mypro\fluids_v3-201704012-fixdensity-marching\fluids\fluid_system.cpp(3115) : 使用“i”的定义
     1>d:\otherjobs\pro\mypro\fluids_v3-201704012-fixdensity-marching\fluids\fluid_system.cpp(3176): warning C4244: “初始化”: 从“double”转换到“float”，可能丢失数据
     1>d:\otherjobs\pro\mypro\fluids_v3-201704012-fixdensity-marching\fluids\fluid_system.cpp(3209): warning C4244: “*=”: 从“double”转换到“float”，可能丢失数据
     1>d:\otherjobs\pro\mypro\fluids_v3-201704012-fixdensity-marching\fluids\fluid_system.cpp(3127): warning C4101: “dis2”: 未引用的局部变量
     1>d:\otherjobs\pro\mypro\fluids_v3-201704012-fixdensity-marching\fluids\fluid_system.cpp(3127): warning C4101: “dis”: 未引用的局部变量
     1>d:\otherjobs\pro\mypro\fluids_v3-201704012-fixdensity-marching\fluids\fluid_system.cpp(3225): warning C4244: “=”: 从“double”转换到“float”，可能丢失数据
     1>d:\otherjobs\pro\mypro\fluids_v3-201704012-fixdensity-marching\fluids\fluid_system.cpp(3229): warning C4244: “参数”: 从“double”转换到“float”，可能丢失数据
     1>d:\otherjobs\pro\mypro\fluids_v3-201704012-fixdensity-marching\fluids\fluid_system.cpp(3229): warning C4244: “参数”: 从“double”转换到“float”，可能丢失数据
     1>d:\otherjobs\pro\mypro\fluids_v3-201704012-fixdensity-marching\fluids\fluid_system.cpp(3229): warning C4244: “参数”: 从“double”转换到“float”，可能丢失数据
     1>d:\otherjobs\pro\mypro\fluids_v3-201704012-fixdensity-marching\fluids\fluid_system.cpp(3238): warning C4244: “初始化”: 从“double”转换到“float”，可能丢失数据
     1>d:\otherjobs\pro\mypro\fluids_v3-201704012-fixdensity-marching\fluids\fluid_system.cpp(3252): warning C4244: “参数”: 从“double”转换到“const float”，可能丢失数据
     1>d:\otherjobs\pro\mypro\fluids_v3-201704012-fixdensity-marching\fluids\fluid_system.cpp(3252): warning C4244: “参数”: 从“double”转换到“const float”，可能丢失数据
     1>d:\otherjobs\pro\mypro\fluids_v3-201704012-fixdensity-marching\fluids\fluid_system.cpp(3252): warning C4244: “参数”: 从“double”转换到“const float”，可能丢失数据
     1>d:\otherjobs\pro\mypro\fluids_v3-201704012-fixdensity-marching\fluids\fluid_system.cpp(3264): warning C4244: “=”: 从“double”转换到“float”，可能丢失数据
     1>d:\otherjobs\pro\mypro\fluids_v3-201704012-fixdensity-marching\fluids\fluid_system.cpp(3272): warning C4244: “*=”: 从“double”转换到“float”，可能丢失数据
     1>d:\otherjobs\pro\mypro\fluids_v3-201704012-fixdensity-marching\fluids\fluid_system.cpp(3273): warning C4244: “/=”: 从“double”转换到“float”，可能丢失数据
     1>d:\otherjobs\pro\mypro\fluids_v3-201704012-fixdensity-marching\fluids\fluid_system.cpp(3243): warning C4101: “jnext”: 未引用的局部变量
     1>d:\otherjobs\pro\mypro\fluids_v3-201704012-fixdensity-marching\fluids\fluid_system.cpp(2904): warning C4244: “初始化”: 从“double”转换到“const float”，可能丢失数据
                 d:\otherjobs\pro\mypro\fluids_v3-201704012-fixdensity-marching\fluids\fluid_system.cpp(2966): 参见对正在编译的函数 模板 实例化“void smoothgradient<float>(const T,const T,T &)”的引用
                 with
                 [
                     T=float
                 ]
     1>d:\otherjobs\pro\mypro\fluids_v3-201704012-fixdensity-marching\fluids\fluid_system.cpp(2913): warning C4244: “return”: 从“double”转换到“float”，可能丢失数据
                 d:\otherjobs\pro\mypro\fluids_v3-201704012-fixdensity-marching\fluids\fluid_system.cpp(3023): 参见对正在编译的函数 模板 实例化“T smoothkernel<float>(const T,const T)”的引用
                 with
                 [
                     T=float
                 ]
         所有输出均为最新。
       Link:
         C:\Program Files (x86)\Microsoft Visual Studio 10.0\VC\bin\link.exe /ERRORREPORT:PROMPT /OUT:"D:\otherjobs\pro\mypro\fluids_v3-201704012-fixdensity-Marching\fluids_v3.exe" /INCREMENTAL /NOLOGO /LIBPATH:"C:\Program Files\NVIDIA GPU Computing Toolkit\CUDA\v5.5\bin" /LIBPATH:"C:\Program Files\NVIDIA GPU Computing Toolkit\CUDA\v5.5\lib\Win32" tinyXML_2010.lib opengl32.lib cudart.lib cutil32.lib freeglut.lib glut32.lib kernel32.lib user32.lib gdi32.lib winspool.lib comdlg32.lib advapi32.lib shell32.lib ole32.lib oleaut32.lib uuid.lib odbc32.lib odbccp32.lib /NODEFAULTLIB:libcpmtd0.lib /NODEFAULTLIB:libcpmtd.lib /NODEFAULTLIB:libcmtd.lib /NODEFAULTLIB:libcmt.lib /MANIFEST /ManifestFile:"D:\otherjobs\pro\mypro\fluids_v3-201704012-fixdensity-Marching\\output\Debug\fluids_v3.exe.intermediate.manifest" /MANIFESTUAC:"level='asInvoker' uiAccess='false'" /DEBUG /PDB:"D:\otherjobs\pro\mypro\fluids_v3-201704012-fixdensity-Marching\fluids_v3.pdb" /SUBSYSTEM:WINDOWS /TLBID:1 /DYNAMICBASE /NXCOMPAT /IMPLIB:"D:\otherjobs\pro\mypro\fluids_v3-201704012-fixdensity-Marching\fluids_v3.lib" /MACHINE:X86 Debug\fluid_system_host.obj
         Debug\fluid_system_kern.obj
         "D:\otherjobs\pro\mypro\fluids_v3-201704012-fixdensity-Marching\\output\Debug\app_perf.obj"
         "D:\otherjobs\pro\mypro\fluids_v3-201704012-fixdensity-Marching\\output\Debug\app_util.obj"
         "D:\otherjobs\pro\mypro\fluids_v3-201704012-fixdensity-Marching\\output\Debug\glew.obj"
         "D:\otherjobs\pro\mypro\fluids_v3-201704012-fixdensity-Marching\\output\Debug\xml_settings.obj"
         "D:\otherjobs\pro\mypro\fluids_v3-201704012-fixdensity-Marching\\output\Debug\fluid_system.obj"
         "D:\otherjobs\pro\mypro\fluids_v3-201704012-fixdensity-Marching\\output\Debug\main.obj"
         "D:\otherjobs\pro\mypro\fluids_v3-201704012-fixdensity-Marching\\output\Debug\marching_cubes.obj"
         "D:\otherjobs\pro\mypro\fluids_v3-201704012-fixdensity-Marching\\output\Debug\openglutils.obj"
         "D:\otherjobs\pro\mypro\fluids_v3-201704012-fixdensity-Marching\\output\Debug\priorityqueue.obj"
         "D:\otherjobs\pro\mypro\fluids_v3-201704012-fixdensity-Marching\\output\Debug\timer.obj"
         "D:\otherjobs\pro\mypro\fluids_v3-201704012-fixdensity-Marching\\output\Debug\trimesh.obj"
         "D:\otherjobs\pro\mypro\fluids_v3-201704012-fixdensity-Marching\\output\Debug\AccessObj.obj"
         tinyXML_2010.lib(tinyxml.obj) : 找到 MSIL .netmodule 或使用 /GL 编译的模块；正在使用 /LTCG 重新启动链接；将 /LTCG 添加到链接命令行以改进链接器性能
     1>LINK : warning LNK4075: 忽略“/INCREMENTAL”(由于“/LTCG”规范)
            正在创建库 D:\otherjobs\pro\mypro\fluids_v3-201704012-fixdensity-Marching\fluids_v3.lib 和对象 D:\otherjobs\pro\mypro\fluids_v3-201704012-fixdensity-Marching\fluids_v3.exp
     1>LINK : warning LNK4098: 默认库“MSVCRT”与其他库的使用冲突；请使用 /NODEFAULTLIB:library
         正在生成代码
         已完成代码的生成
     1>app_util.obj : warning LNK4049: 已导入本地定义的符号 ___glewGenVertexArrays
     1>app_util.obj : warning LNK4049: 已导入本地定义的符号 ___glewBufferData
     1>app_util.obj : warning LNK4049: 已导入本地定义的符号 ___glewBindBuffer
     1>app_util.obj : warning LNK4049: 已导入本地定义的符号 ___glewGenBuffers
     1>app_util.obj : warning LNK4049: 已导入本地定义的符号 ___glewBindVertexArray
     1>app_util.obj : warning LNK4049: 已导入本地定义的符号 ___glewUniform1i
     1>app_util.obj : warning LNK4049: 已导入本地定义的符号 ___glewPrimitiveRestartIndex
     1>app_util.obj : warning LNK4049: 已导入本地定义的符号 ___glewVertexAttribPointer
     1>app_util.obj : warning LNK4049: 已导入本地定义的符号 ___glewUniformMatrix4fv
     1>app_util.obj : warning LNK4049: 已导入本地定义的符号 ___glewActiveTexture
     1>app_util.obj : warning LNK4049: 已导入本地定义的符号 ___glewEnableVertexAttribArray
     1>app_util.obj : warning LNK4049: 已导入本地定义的符号 ___glewUseProgram
     1>app_util.obj : warning LNK4049: 已导入本地定义的符号 ___glewGetUniformLocation
     1>app_util.obj : warning LNK4049: 已导入本地定义的符号 ___glewLinkProgram
     1>app_util.obj : warning LNK4049: 已导入本地定义的符号 ___glewAttachShader
     1>app_util.obj : warning LNK4049: 已导入本地定义的符号 ___glewCreateProgram
     1>app_util.obj : warning LNK4049: 已导入本地定义的符号 ___glewGetShaderInfoLog
     1>app_util.obj : warning LNK4049: 已导入本地定义的符号 ___glewCompileShader
     1>app_util.obj : warning LNK4049: 已导入本地定义的符号 ___glewShaderSource
     1>app_util.obj : warning LNK4049: 已导入本地定义的符号 ___glewCreateShader
     1>app_util.obj : warning LNK4049: 已导入本地定义的符号 ___glewDeleteBuffers
     1>app_util.obj : warning LNK4049: 已导入本地定义的符号 ___glewDrawElementsInstanced
     1>app_util.obj : warning LNK4049: 已导入本地定义的符号 ___glewPatchParameteri
     1>fluid_system.obj : warning LNK4049: 已导入本地定义的符号 ___glewBufferDataARB
     1>fluid_system.obj : warning LNK4049: 已导入本地定义的符号 ___glewBindBufferARB
     1>fluid_system.obj : warning LNK4049: 已导入本地定义的符号 ___glewGenBuffersARB
     1>fluid_system.obj : warning LNK4049: 已导入本地定义的符号 ___glewPointParameterfARB
     1>fluid_system.obj : warning LNK4049: 已导入本地定义的符号 ___glewPointParameterfvARB
     1>main.obj : warning LNK4049: 已导入本地定义的符号 ___glewDebugMessageControlARB
     1>main.obj : warning LNK4049: 已导入本地定义的符号 ___glewDebugMessageCallbackARB
     1>main.obj : warning LNK4049: 已导入本地定义的符号 ___wglewCreateContextAttribsARB
     1>main.obj : warning LNK4049: 已导入本地定义的符号 ___wglewChoosePixelFormatARB
     1>main.obj : warning LNK4049: 已导入本地定义的符号 _glewInit@0
     1>main.obj : warning LNK4049: 已导入本地定义的符号 ___wglewSwapIntervalEXT
     1>tinyXML_2010.lib(tinyxml.obj) : warning LNK4204: “D:\otherjobs\pro\mypro\fluids_v3-201704012-fixdensity-Marching\vc100.pdb”缺少引用模块的调试信息；正在链接对象，如同没有调试信息一样
     1>tinyXML_2010.lib(tinyxmlparser.obj) : warning LNK4204: “D:\otherjobs\pro\mypro\fluids_v3-201704012-fixdensity-Marching\vc100.pdb”缺少引用模块的调试信息；正在链接对象，如同没有调试信息一样
     1>tinyXML_2010.lib(tinyxmlerror.obj) : warning LNK4204: “D:\otherjobs\pro\mypro\fluids_v3-201704012-fixdensity-Marching\vc100.pdb”缺少引用模块的调试信息；正在链接对象，如同没有调试信息一样
         fluids_v3.vcxproj -> D:\otherjobs\pro\mypro\fluids_v3-201704012-fixdensity-Marching\fluids_v3.exe
       Manifest:
         C:\Program Files (x86)\Microsoft SDKs\Windows\v7.0A\bin\mt.exe /nologo /verbose /out:"D:\otherjobs\pro\mypro\fluids_v3-201704012-fixdensity-Marching\fluids_v3.exe.manifest" /manifest "D:\otherjobs\pro\mypro\fluids_v3-201704012-fixdensity-Marching\\output\Debug\fluids_v3.exe.intermediate.manifest"
       FinalizeBuildStatus:
         正在删除文件“D:\otherjobs\pro\mypro\fluids_v3-201704012-fixdensity-Marching\\output\Debug\fluids_v3.unsuccessfulbuild”。
         正在对“D:\otherjobs\pro\mypro\fluids_v3-201704012-fixdensity-Marching\\output\Debug\fluids_v3.lastbuildstate”执行 Touch 任务。
     1>已完成生成项目“D:\otherjobs\pro\mypro\fluids_v3-201704012-fixdensity-Marching\fluids_v3.vcxproj”(build 个目标)的操作。

生成成功。

已用时间 00:00:13.03
