C:\USERS\DELL\DESKTOP\CODES\FLUIDS_V3-20170406-MULTI-DROP-CHANGE\DEBUG\FLUID_SYSTEM_HOST.OBJ
C:\USERS\DELL\DESKTOP\CODES\FLUIDS_V3-20170406-MULTI-DROP-CHANGE\DEBUG\FLUID_SYSTEM_KERN.OBJ
C:\USERS\DELL\DESKTOP\CODES\FLUIDS_V3-20170406-MULTI-DROP-CHANGE\FLUIDS_V3.EXE
C:\Users\DELL\Desktop\codes\fluids_v3-20170406-multi-drop-change\fluids_v3.exp
C:\USERS\DELL\DESKTOP\CODES\FLUIDS_V3-20170406-MULTI-DROP-CHANGE\FLUIDS_V3.ILK
C:\Users\DELL\Desktop\codes\fluids_v3-20170406-multi-drop-change\fluids_v3.lib
C:\USERS\DELL\DESKTOP\CODES\FLUIDS_V3-20170406-MULTI-DROP-CHANGE\FLUIDS_V3.PDB
C:\USERS\DELL\DESKTOP\CODES\FLUIDS_V3-20170406-MULTI-DROP-CHANGE\OUTPUT\DEBUG\ACCESSOBJ.OBJ
C:\USERS\DELL\DESKTOP\CODES\FLUIDS_V3-20170406-MULTI-DROP-CHANGE\OUTPUT\DEBUG\APP_PERF.OBJ
C:\USERS\DELL\DESKTOP\CODES\FLUIDS_V3-20170406-MULTI-DROP-CHANGE\OUTPUT\DEBUG\APP_UTIL.OBJ
C:\USERS\DELL\DESKTOP\CODES\FLUIDS_V3-20170406-MULTI-DROP-CHANGE\OUTPUT\DEBUG\FLUID_SYSTEM.OBJ
C:\USERS\DELL\DESKTOP\CODES\FLUIDS_V3-20170406-MULTI-DROP-CHANGE\OUTPUT\DEBUG\FLUIDS_V3.EXE.INTERMEDIATE.MANIFEST
C:\USERS\DELL\DESKTOP\CODES\FLUIDS_V3-20170406-MULTI-DROP-CHANGE\OUTPUT\DEBUG\GLEW.OBJ
C:\USERS\DELL\DESKTOP\CODES\FLUIDS_V3-20170406-MULTI-DROP-CHANGE\OUTPUT\DEBUG\MAIN.OBJ
C:\USERS\DELL\DESKTOP\CODES\FLUIDS_V3-20170406-MULTI-DROP-CHANGE\OUTPUT\DEBUG\VC100.PDB
C:\USERS\DELL\DESKTOP\CODES\FLUIDS_V3-20170406-MULTI-DROP-CHANGE\OUTPUT\DEBUG\XML_SETTINGS.OBJ
D:\OTHERJOBS\PRO\MYPRO\FLUIDS_V3-201704011-FIXDENSITY\FLUIDS_V3-20170406-MULTI-DROP-CHANGE\DEBUG\FLUID_SYSTEM_HOST.OBJ
D:\OTHERJOBS\PRO\MYPRO\FLUIDS_V3-201704011-FIXDENSITY\FLUIDS_V3-20170406-MULTI-DROP-CHANGE\DEBUG\FLUID_SYSTEM_KERN.OBJ
D:\OTHERJOBS\PRO\MYPRO\FLUIDS_V3-201704011-FIXDENSITY\FLUIDS_V3-20170406-MULTI-DROP-CHANGE\FLUIDS_V3.EXE
D:\otherjobs\pro\mypro\fluids_v3-201704011-fixdensity\fluids_v3-20170406-multi-drop-change\fluids_v3.exe.manifest
D:\otherjobs\pro\mypro\fluids_v3-201704011-fixdensity\fluids_v3-20170406-multi-drop-change\fluids_v3.exp
D:\OTHERJOBS\PRO\MYPRO\FLUIDS_V3-201704011-FIXDENSITY\FLUIDS_V3-20170406-MULTI-DROP-CHANGE\FLUIDS_V3.ILK
D:\otherjobs\pro\mypro\fluids_v3-201704011-fixdensity\fluids_v3-20170406-multi-drop-change\fluids_v3.lib
D:\OTHERJOBS\PRO\MYPRO\FLUIDS_V3-201704011-FIXDENSITY\FLUIDS_V3-20170406-MULTI-DROP-CHANGE\FLUIDS_V3.PDB
D:\OTHERJOBS\PRO\MYPRO\FLUIDS_V3-201704011-FIXDENSITY\FLUIDS_V3-20170406-MULTI-DROP-CHANGE\OUTPUT\DEBUG\ACCESSOBJ.OBJ
D:\OTHERJOBS\PRO\MYPRO\FLUIDS_V3-201704011-FIXDENSITY\FLUIDS_V3-20170406-MULTI-DROP-CHANGE\OUTPUT\DEBUG\APP_PERF.OBJ
D:\OTHERJOBS\PRO\MYPRO\FLUIDS_V3-201704011-FIXDENSITY\FLUIDS_V3-20170406-MULTI-DROP-CHANGE\OUTPUT\DEBUG\APP_UTIL.OBJ
D:\otherjobs\pro\mypro\fluids_v3-201704011-fixdensity\fluids_v3-20170406-multi-drop-change\output\Debug\cl.command.1.tlog
D:\otherjobs\pro\mypro\fluids_v3-201704011-fixdensity\fluids_v3-20170406-multi-drop-change\output\Debug\CL.read.1.tlog
D:\otherjobs\pro\mypro\fluids_v3-201704011-fixdensity\fluids_v3-20170406-multi-drop-change\output\Debug\CL.write.1.tlog
D:\otherjobs\pro\mypro\fluids_v3-201704011-fixdensity\fluids_v3-20170406-multi-drop-change\output\Debug\custombuild.command.1.tlog
D:\otherjobs\pro\mypro\fluids_v3-201704011-fixdensity\fluids_v3-20170406-multi-drop-change\output\Debug\custombuild.read.1.tlog
D:\otherjobs\pro\mypro\fluids_v3-201704011-fixdensity\fluids_v3-20170406-multi-drop-change\output\Debug\custombuild.write.1.tlog
D:\OTHERJOBS\PRO\MYPRO\FLUIDS_V3-201704011-FIXDENSITY\FLUIDS_V3-20170406-MULTI-DROP-CHANGE\OUTPUT\DEBUG\FLUID_SYSTEM.OBJ
D:\OTHERJOBS\PRO\MYPRO\FLUIDS_V3-201704011-FIXDENSITY\FLUIDS_V3-20170406-MULTI-DROP-CHANGE\OUTPUT\DEBUG\FLUIDS_V3.EXE.INTERMEDIATE.MANIFEST
D:\otherjobs\pro\mypro\fluids_v3-201704011-fixdensity\fluids_v3-20170406-multi-drop-change\output\Debug\fluids_v3.vcxprojResolveAssemblyReference.cache
D:\otherjobs\pro\mypro\fluids_v3-201704011-fixdensity\fluids_v3-20170406-multi-drop-change\output\Debug\fluids_v3.write.1.tlog
D:\OTHERJOBS\PRO\MYPRO\FLUIDS_V3-201704011-FIXDENSITY\FLUIDS_V3-20170406-MULTI-DROP-CHANGE\OUTPUT\DEBUG\GLEW.OBJ
D:\otherjobs\pro\mypro\fluids_v3-201704011-fixdensity\fluids_v3-20170406-multi-drop-change\output\Debug\link.1172.read.1.tlog
D:\otherjobs\pro\mypro\fluids_v3-201704011-fixdensity\fluids_v3-20170406-multi-drop-change\output\Debug\link.1172.write.1.tlog
D:\otherjobs\pro\mypro\fluids_v3-201704011-fixdensity\fluids_v3-20170406-multi-drop-change\output\Debug\link.1632.read.1.tlog
D:\otherjobs\pro\mypro\fluids_v3-201704011-fixdensity\fluids_v3-20170406-multi-drop-change\output\Debug\link.1632.write.1.tlog
D:\otherjobs\pro\mypro\fluids_v3-201704011-fixdensity\fluids_v3-20170406-multi-drop-change\output\Debug\link.1712.read.1.tlog
D:\otherjobs\pro\mypro\fluids_v3-201704011-fixdensity\fluids_v3-20170406-multi-drop-change\output\Debug\link.1712.write.1.tlog
D:\otherjobs\pro\mypro\fluids_v3-201704011-fixdensity\fluids_v3-20170406-multi-drop-change\output\Debug\link.2032.read.1.tlog
D:\otherjobs\pro\mypro\fluids_v3-201704011-fixdensity\fluids_v3-20170406-multi-drop-change\output\Debug\link.2032.write.1.tlog
D:\otherjobs\pro\mypro\fluids_v3-201704011-fixdensity\fluids_v3-20170406-multi-drop-change\output\Debug\link.2152.read.1.tlog
D:\otherjobs\pro\mypro\fluids_v3-201704011-fixdensity\fluids_v3-20170406-multi-drop-change\output\Debug\link.2152.write.1.tlog
D:\otherjobs\pro\mypro\fluids_v3-201704011-fixdensity\fluids_v3-20170406-multi-drop-change\output\Debug\link.2196.read.1.tlog
D:\otherjobs\pro\mypro\fluids_v3-201704011-fixdensity\fluids_v3-20170406-multi-drop-change\output\Debug\link.2196.write.1.tlog
D:\otherjobs\pro\mypro\fluids_v3-201704011-fixdensity\fluids_v3-20170406-multi-drop-change\output\Debug\link.2336.read.1.tlog
D:\otherjobs\pro\mypro\fluids_v3-201704011-fixdensity\fluids_v3-20170406-multi-drop-change\output\Debug\link.2336.write.1.tlog
D:\otherjobs\pro\mypro\fluids_v3-201704011-fixdensity\fluids_v3-20170406-multi-drop-change\output\Debug\link.2368.read.1.tlog
D:\otherjobs\pro\mypro\fluids_v3-201704011-fixdensity\fluids_v3-20170406-multi-drop-change\output\Debug\link.2368.write.1.tlog
D:\otherjobs\pro\mypro\fluids_v3-201704011-fixdensity\fluids_v3-20170406-multi-drop-change\output\Debug\link.2392.read.1.tlog
D:\otherjobs\pro\mypro\fluids_v3-201704011-fixdensity\fluids_v3-20170406-multi-drop-change\output\Debug\link.2392.write.1.tlog
D:\otherjobs\pro\mypro\fluids_v3-201704011-fixdensity\fluids_v3-20170406-multi-drop-change\output\Debug\link.2584.read.1.tlog
D:\otherjobs\pro\mypro\fluids_v3-201704011-fixdensity\fluids_v3-20170406-multi-drop-change\output\Debug\link.2584.write.1.tlog
D:\otherjobs\pro\mypro\fluids_v3-201704011-fixdensity\fluids_v3-20170406-multi-drop-change\output\Debug\link.2640.read.1.tlog
D:\otherjobs\pro\mypro\fluids_v3-201704011-fixdensity\fluids_v3-20170406-multi-drop-change\output\Debug\link.2640.write.1.tlog
D:\otherjobs\pro\mypro\fluids_v3-201704011-fixdensity\fluids_v3-20170406-multi-drop-change\output\Debug\link.2716.read.1.tlog
D:\otherjobs\pro\mypro\fluids_v3-201704011-fixdensity\fluids_v3-20170406-multi-drop-change\output\Debug\link.2716.write.1.tlog
D:\otherjobs\pro\mypro\fluids_v3-201704011-fixdensity\fluids_v3-20170406-multi-drop-change\output\Debug\link.2992.read.1.tlog
D:\otherjobs\pro\mypro\fluids_v3-201704011-fixdensity\fluids_v3-20170406-multi-drop-change\output\Debug\link.2992.write.1.tlog
D:\otherjobs\pro\mypro\fluids_v3-201704011-fixdensity\fluids_v3-20170406-multi-drop-change\output\Debug\link.3032.read.1.tlog
D:\otherjobs\pro\mypro\fluids_v3-201704011-fixdensity\fluids_v3-20170406-multi-drop-change\output\Debug\link.3032.write.1.tlog
D:\otherjobs\pro\mypro\fluids_v3-201704011-fixdensity\fluids_v3-20170406-multi-drop-change\output\Debug\link.3064.read.1.tlog
D:\otherjobs\pro\mypro\fluids_v3-201704011-fixdensity\fluids_v3-20170406-multi-drop-change\output\Debug\link.3064.write.1.tlog
D:\otherjobs\pro\mypro\fluids_v3-201704011-fixdensity\fluids_v3-20170406-multi-drop-change\output\Debug\link.3140.read.1.tlog
D:\otherjobs\pro\mypro\fluids_v3-201704011-fixdensity\fluids_v3-20170406-multi-drop-change\output\Debug\link.3140.write.1.tlog
D:\otherjobs\pro\mypro\fluids_v3-201704011-fixdensity\fluids_v3-20170406-multi-drop-change\output\Debug\link.3192.read.1.tlog
D:\otherjobs\pro\mypro\fluids_v3-201704011-fixdensity\fluids_v3-20170406-multi-drop-change\output\Debug\link.3192.write.1.tlog
D:\otherjobs\pro\mypro\fluids_v3-201704011-fixdensity\fluids_v3-20170406-multi-drop-change\output\Debug\link.3444.read.1.tlog
D:\otherjobs\pro\mypro\fluids_v3-201704011-fixdensity\fluids_v3-20170406-multi-drop-change\output\Debug\link.3444.write.1.tlog
D:\otherjobs\pro\mypro\fluids_v3-201704011-fixdensity\fluids_v3-20170406-multi-drop-change\output\Debug\link.3644.read.1.tlog
D:\otherjobs\pro\mypro\fluids_v3-201704011-fixdensity\fluids_v3-20170406-multi-drop-change\output\Debug\link.3644.write.1.tlog
D:\otherjobs\pro\mypro\fluids_v3-201704011-fixdensity\fluids_v3-20170406-multi-drop-change\output\Debug\link.3676.read.1.tlog
D:\otherjobs\pro\mypro\fluids_v3-201704011-fixdensity\fluids_v3-20170406-multi-drop-change\output\Debug\link.3676.write.1.tlog
D:\otherjobs\pro\mypro\fluids_v3-201704011-fixdensity\fluids_v3-20170406-multi-drop-change\output\Debug\link.3924.read.1.tlog
D:\otherjobs\pro\mypro\fluids_v3-201704011-fixdensity\fluids_v3-20170406-multi-drop-change\output\Debug\link.3924.write.1.tlog
D:\otherjobs\pro\mypro\fluids_v3-201704011-fixdensity\fluids_v3-20170406-multi-drop-change\output\Debug\link.3944.read.1.tlog
D:\otherjobs\pro\mypro\fluids_v3-201704011-fixdensity\fluids_v3-20170406-multi-drop-change\output\Debug\link.3944.write.1.tlog
D:\otherjobs\pro\mypro\fluids_v3-201704011-fixdensity\fluids_v3-20170406-multi-drop-change\output\Debug\link.4080.read.1.tlog
D:\otherjobs\pro\mypro\fluids_v3-201704011-fixdensity\fluids_v3-20170406-multi-drop-change\output\Debug\link.4080.write.1.tlog
D:\otherjobs\pro\mypro\fluids_v3-201704011-fixdensity\fluids_v3-20170406-multi-drop-change\output\Debug\link.4140.read.1.tlog
D:\otherjobs\pro\mypro\fluids_v3-201704011-fixdensity\fluids_v3-20170406-multi-drop-change\output\Debug\link.4140.write.1.tlog
D:\otherjobs\pro\mypro\fluids_v3-201704011-fixdensity\fluids_v3-20170406-multi-drop-change\output\Debug\link.4236.read.1.tlog
D:\otherjobs\pro\mypro\fluids_v3-201704011-fixdensity\fluids_v3-20170406-multi-drop-change\output\Debug\link.4236.write.1.tlog
D:\otherjobs\pro\mypro\fluids_v3-201704011-fixdensity\fluids_v3-20170406-multi-drop-change\output\Debug\link.4248.read.1.tlog
D:\otherjobs\pro\mypro\fluids_v3-201704011-fixdensity\fluids_v3-20170406-multi-drop-change\output\Debug\link.4248.write.1.tlog
D:\otherjobs\pro\mypro\fluids_v3-201704011-fixdensity\fluids_v3-20170406-multi-drop-change\output\Debug\link.4348.read.1.tlog
D:\otherjobs\pro\mypro\fluids_v3-201704011-fixdensity\fluids_v3-20170406-multi-drop-change\output\Debug\link.4348.write.1.tlog
D:\otherjobs\pro\mypro\fluids_v3-201704011-fixdensity\fluids_v3-20170406-multi-drop-change\output\Debug\link.4396.read.1.tlog
D:\otherjobs\pro\mypro\fluids_v3-201704011-fixdensity\fluids_v3-20170406-multi-drop-change\output\Debug\link.4396.write.1.tlog
D:\otherjobs\pro\mypro\fluids_v3-201704011-fixdensity\fluids_v3-20170406-multi-drop-change\output\Debug\link.4408.read.1.tlog
D:\otherjobs\pro\mypro\fluids_v3-201704011-fixdensity\fluids_v3-20170406-multi-drop-change\output\Debug\link.4408.write.1.tlog
D:\otherjobs\pro\mypro\fluids_v3-201704011-fixdensity\fluids_v3-20170406-multi-drop-change\output\Debug\link.4460.read.1.tlog
D:\otherjobs\pro\mypro\fluids_v3-201704011-fixdensity\fluids_v3-20170406-multi-drop-change\output\Debug\link.4460.write.1.tlog
D:\otherjobs\pro\mypro\fluids_v3-201704011-fixdensity\fluids_v3-20170406-multi-drop-change\output\Debug\link.4512.read.1.tlog
D:\otherjobs\pro\mypro\fluids_v3-201704011-fixdensity\fluids_v3-20170406-multi-drop-change\output\Debug\link.4512.write.1.tlog
D:\otherjobs\pro\mypro\fluids_v3-201704011-fixdensity\fluids_v3-20170406-multi-drop-change\output\Debug\link.4640.read.1.tlog
D:\otherjobs\pro\mypro\fluids_v3-201704011-fixdensity\fluids_v3-20170406-multi-drop-change\output\Debug\link.4640.write.1.tlog
D:\otherjobs\pro\mypro\fluids_v3-201704011-fixdensity\fluids_v3-20170406-multi-drop-change\output\Debug\link.4796.read.1.tlog
D:\otherjobs\pro\mypro\fluids_v3-201704011-fixdensity\fluids_v3-20170406-multi-drop-change\output\Debug\link.4796.write.1.tlog
D:\otherjobs\pro\mypro\fluids_v3-201704011-fixdensity\fluids_v3-20170406-multi-drop-change\output\Debug\link.4800.read.1.tlog
D:\otherjobs\pro\mypro\fluids_v3-201704011-fixdensity\fluids_v3-20170406-multi-drop-change\output\Debug\link.4800.write.1.tlog
D:\otherjobs\pro\mypro\fluids_v3-201704011-fixdensity\fluids_v3-20170406-multi-drop-change\output\Debug\link.4868.read.1.tlog
D:\otherjobs\pro\mypro\fluids_v3-201704011-fixdensity\fluids_v3-20170406-multi-drop-change\output\Debug\link.4868.write.1.tlog
D:\otherjobs\pro\mypro\fluids_v3-201704011-fixdensity\fluids_v3-20170406-multi-drop-change\output\Debug\link.4896.read.1.tlog
D:\otherjobs\pro\mypro\fluids_v3-201704011-fixdensity\fluids_v3-20170406-multi-drop-change\output\Debug\link.4896.write.1.tlog
D:\otherjobs\pro\mypro\fluids_v3-201704011-fixdensity\fluids_v3-20170406-multi-drop-change\output\Debug\link.5060.read.1.tlog
D:\otherjobs\pro\mypro\fluids_v3-201704011-fixdensity\fluids_v3-20170406-multi-drop-change\output\Debug\link.5060.write.1.tlog
D:\otherjobs\pro\mypro\fluids_v3-201704011-fixdensity\fluids_v3-20170406-multi-drop-change\output\Debug\link.5140.read.1.tlog
D:\otherjobs\pro\mypro\fluids_v3-201704011-fixdensity\fluids_v3-20170406-multi-drop-change\output\Debug\link.5140.write.1.tlog
D:\otherjobs\pro\mypro\fluids_v3-201704011-fixdensity\fluids_v3-20170406-multi-drop-change\output\Debug\link.5192.read.1.tlog
D:\otherjobs\pro\mypro\fluids_v3-201704011-fixdensity\fluids_v3-20170406-multi-drop-change\output\Debug\link.5192.write.1.tlog
D:\otherjobs\pro\mypro\fluids_v3-201704011-fixdensity\fluids_v3-20170406-multi-drop-change\output\Debug\link.5228.read.1.tlog
D:\otherjobs\pro\mypro\fluids_v3-201704011-fixdensity\fluids_v3-20170406-multi-drop-change\output\Debug\link.5228.write.1.tlog
D:\otherjobs\pro\mypro\fluids_v3-201704011-fixdensity\fluids_v3-20170406-multi-drop-change\output\Debug\link.5256.read.1.tlog
D:\otherjobs\pro\mypro\fluids_v3-201704011-fixdensity\fluids_v3-20170406-multi-drop-change\output\Debug\link.5256.write.1.tlog
D:\otherjobs\pro\mypro\fluids_v3-201704011-fixdensity\fluids_v3-20170406-multi-drop-change\output\Debug\link.5308.read.1.tlog
D:\otherjobs\pro\mypro\fluids_v3-201704011-fixdensity\fluids_v3-20170406-multi-drop-change\output\Debug\link.5308.write.1.tlog
D:\otherjobs\pro\mypro\fluids_v3-201704011-fixdensity\fluids_v3-20170406-multi-drop-change\output\Debug\link.5312.read.1.tlog
D:\otherjobs\pro\mypro\fluids_v3-201704011-fixdensity\fluids_v3-20170406-multi-drop-change\output\Debug\link.5312.write.1.tlog
D:\otherjobs\pro\mypro\fluids_v3-201704011-fixdensity\fluids_v3-20170406-multi-drop-change\output\Debug\link.5332.read.1.tlog
D:\otherjobs\pro\mypro\fluids_v3-201704011-fixdensity\fluids_v3-20170406-multi-drop-change\output\Debug\link.5332.write.1.tlog
D:\otherjobs\pro\mypro\fluids_v3-201704011-fixdensity\fluids_v3-20170406-multi-drop-change\output\Debug\link.536.read.1.tlog
D:\otherjobs\pro\mypro\fluids_v3-201704011-fixdensity\fluids_v3-20170406-multi-drop-change\output\Debug\link.536.write.1.tlog
D:\otherjobs\pro\mypro\fluids_v3-201704011-fixdensity\fluids_v3-20170406-multi-drop-change\output\Debug\link.5456.read.1.tlog
D:\otherjobs\pro\mypro\fluids_v3-201704011-fixdensity\fluids_v3-20170406-multi-drop-change\output\Debug\link.5456.write.1.tlog
D:\otherjobs\pro\mypro\fluids_v3-201704011-fixdensity\fluids_v3-20170406-multi-drop-change\output\Debug\link.5464.read.1.tlog
D:\otherjobs\pro\mypro\fluids_v3-201704011-fixdensity\fluids_v3-20170406-multi-drop-change\output\Debug\link.5464.write.1.tlog
D:\otherjobs\pro\mypro\fluids_v3-201704011-fixdensity\fluids_v3-20170406-multi-drop-change\output\Debug\link.5588.read.1.tlog
D:\otherjobs\pro\mypro\fluids_v3-201704011-fixdensity\fluids_v3-20170406-multi-drop-change\output\Debug\link.5588.write.1.tlog
D:\otherjobs\pro\mypro\fluids_v3-201704011-fixdensity\fluids_v3-20170406-multi-drop-change\output\Debug\link.5844.read.1.tlog
D:\otherjobs\pro\mypro\fluids_v3-201704011-fixdensity\fluids_v3-20170406-multi-drop-change\output\Debug\link.5844.write.1.tlog
D:\otherjobs\pro\mypro\fluids_v3-201704011-fixdensity\fluids_v3-20170406-multi-drop-change\output\Debug\link.5880.read.1.tlog
D:\otherjobs\pro\mypro\fluids_v3-201704011-fixdensity\fluids_v3-20170406-multi-drop-change\output\Debug\link.5880.write.1.tlog
D:\otherjobs\pro\mypro\fluids_v3-201704011-fixdensity\fluids_v3-20170406-multi-drop-change\output\Debug\link.6008.read.1.tlog
D:\otherjobs\pro\mypro\fluids_v3-201704011-fixdensity\fluids_v3-20170406-multi-drop-change\output\Debug\link.6008.write.1.tlog
D:\otherjobs\pro\mypro\fluids_v3-201704011-fixdensity\fluids_v3-20170406-multi-drop-change\output\Debug\link.6068.read.1.tlog
D:\otherjobs\pro\mypro\fluids_v3-201704011-fixdensity\fluids_v3-20170406-multi-drop-change\output\Debug\link.6068.write.1.tlog
D:\otherjobs\pro\mypro\fluids_v3-201704011-fixdensity\fluids_v3-20170406-multi-drop-change\output\Debug\link.6096.read.1.tlog
D:\otherjobs\pro\mypro\fluids_v3-201704011-fixdensity\fluids_v3-20170406-multi-drop-change\output\Debug\link.6096.write.1.tlog
D:\otherjobs\pro\mypro\fluids_v3-201704011-fixdensity\fluids_v3-20170406-multi-drop-change\output\Debug\link.6116.read.1.tlog
D:\otherjobs\pro\mypro\fluids_v3-201704011-fixdensity\fluids_v3-20170406-multi-drop-change\output\Debug\link.6116.write.1.tlog
D:\otherjobs\pro\mypro\fluids_v3-201704011-fixdensity\fluids_v3-20170406-multi-drop-change\output\Debug\link.6220.read.1.tlog
D:\otherjobs\pro\mypro\fluids_v3-201704011-fixdensity\fluids_v3-20170406-multi-drop-change\output\Debug\link.6220.write.1.tlog
D:\otherjobs\pro\mypro\fluids_v3-201704011-fixdensity\fluids_v3-20170406-multi-drop-change\output\Debug\link.6248.read.1.tlog
D:\otherjobs\pro\mypro\fluids_v3-201704011-fixdensity\fluids_v3-20170406-multi-drop-change\output\Debug\link.6248.write.1.tlog
D:\otherjobs\pro\mypro\fluids_v3-201704011-fixdensity\fluids_v3-20170406-multi-drop-change\output\Debug\link.6260.read.1.tlog
D:\otherjobs\pro\mypro\fluids_v3-201704011-fixdensity\fluids_v3-20170406-multi-drop-change\output\Debug\link.6260.write.1.tlog
D:\otherjobs\pro\mypro\fluids_v3-201704011-fixdensity\fluids_v3-20170406-multi-drop-change\output\Debug\link.6488.read.1.tlog
D:\otherjobs\pro\mypro\fluids_v3-201704011-fixdensity\fluids_v3-20170406-multi-drop-change\output\Debug\link.6488.write.1.tlog
D:\otherjobs\pro\mypro\fluids_v3-201704011-fixdensity\fluids_v3-20170406-multi-drop-change\output\Debug\link.6568.read.1.tlog
D:\otherjobs\pro\mypro\fluids_v3-201704011-fixdensity\fluids_v3-20170406-multi-drop-change\output\Debug\link.6568.write.1.tlog
D:\otherjobs\pro\mypro\fluids_v3-201704011-fixdensity\fluids_v3-20170406-multi-drop-change\output\Debug\link.6636.read.1.tlog
D:\otherjobs\pro\mypro\fluids_v3-201704011-fixdensity\fluids_v3-20170406-multi-drop-change\output\Debug\link.6636.write.1.tlog
D:\otherjobs\pro\mypro\fluids_v3-201704011-fixdensity\fluids_v3-20170406-multi-drop-change\output\Debug\link.6640.read.1.tlog
D:\otherjobs\pro\mypro\fluids_v3-201704011-fixdensity\fluids_v3-20170406-multi-drop-change\output\Debug\link.6640.write.1.tlog
D:\otherjobs\pro\mypro\fluids_v3-201704011-fixdensity\fluids_v3-20170406-multi-drop-change\output\Debug\link.6916.read.1.tlog
D:\otherjobs\pro\mypro\fluids_v3-201704011-fixdensity\fluids_v3-20170406-multi-drop-change\output\Debug\link.6916.write.1.tlog
D:\otherjobs\pro\mypro\fluids_v3-201704011-fixdensity\fluids_v3-20170406-multi-drop-change\output\Debug\link.6960.read.1.tlog
D:\otherjobs\pro\mypro\fluids_v3-201704011-fixdensity\fluids_v3-20170406-multi-drop-change\output\Debug\link.6960.write.1.tlog
D:\otherjobs\pro\mypro\fluids_v3-201704011-fixdensity\fluids_v3-20170406-multi-drop-change\output\Debug\link.7212.read.1.tlog
D:\otherjobs\pro\mypro\fluids_v3-201704011-fixdensity\fluids_v3-20170406-multi-drop-change\output\Debug\link.7212.write.1.tlog
D:\otherjobs\pro\mypro\fluids_v3-201704011-fixdensity\fluids_v3-20170406-multi-drop-change\output\Debug\link.7216.read.1.tlog
D:\otherjobs\pro\mypro\fluids_v3-201704011-fixdensity\fluids_v3-20170406-multi-drop-change\output\Debug\link.7216.write.1.tlog
D:\otherjobs\pro\mypro\fluids_v3-201704011-fixdensity\fluids_v3-20170406-multi-drop-change\output\Debug\link.7248.read.1.tlog
D:\otherjobs\pro\mypro\fluids_v3-201704011-fixdensity\fluids_v3-20170406-multi-drop-change\output\Debug\link.7248.write.1.tlog
D:\otherjobs\pro\mypro\fluids_v3-201704011-fixdensity\fluids_v3-20170406-multi-drop-change\output\Debug\link.7288.read.1.tlog
D:\otherjobs\pro\mypro\fluids_v3-201704011-fixdensity\fluids_v3-20170406-multi-drop-change\output\Debug\link.7288.write.1.tlog
D:\otherjobs\pro\mypro\fluids_v3-201704011-fixdensity\fluids_v3-20170406-multi-drop-change\output\Debug\link.7332.read.1.tlog
D:\otherjobs\pro\mypro\fluids_v3-201704011-fixdensity\fluids_v3-20170406-multi-drop-change\output\Debug\link.7332.write.1.tlog
D:\otherjobs\pro\mypro\fluids_v3-201704011-fixdensity\fluids_v3-20170406-multi-drop-change\output\Debug\link.7388.read.1.tlog
D:\otherjobs\pro\mypro\fluids_v3-201704011-fixdensity\fluids_v3-20170406-multi-drop-change\output\Debug\link.7388.write.1.tlog
D:\otherjobs\pro\mypro\fluids_v3-201704011-fixdensity\fluids_v3-20170406-multi-drop-change\output\Debug\link.7400.read.1.tlog
D:\otherjobs\pro\mypro\fluids_v3-201704011-fixdensity\fluids_v3-20170406-multi-drop-change\output\Debug\link.7400.write.1.tlog
D:\otherjobs\pro\mypro\fluids_v3-201704011-fixdensity\fluids_v3-20170406-multi-drop-change\output\Debug\link.7444.read.1.tlog
D:\otherjobs\pro\mypro\fluids_v3-201704011-fixdensity\fluids_v3-20170406-multi-drop-change\output\Debug\link.7444.write.1.tlog
D:\otherjobs\pro\mypro\fluids_v3-201704011-fixdensity\fluids_v3-20170406-multi-drop-change\output\Debug\link.7520.read.1.tlog
D:\otherjobs\pro\mypro\fluids_v3-201704011-fixdensity\fluids_v3-20170406-multi-drop-change\output\Debug\link.7520.write.1.tlog
D:\otherjobs\pro\mypro\fluids_v3-201704011-fixdensity\fluids_v3-20170406-multi-drop-change\output\Debug\link.7540.read.1.tlog
D:\otherjobs\pro\mypro\fluids_v3-201704011-fixdensity\fluids_v3-20170406-multi-drop-change\output\Debug\link.7540.write.1.tlog
D:\otherjobs\pro\mypro\fluids_v3-201704011-fixdensity\fluids_v3-20170406-multi-drop-change\output\Debug\link.7656.read.1.tlog
D:\otherjobs\pro\mypro\fluids_v3-201704011-fixdensity\fluids_v3-20170406-multi-drop-change\output\Debug\link.7656.write.1.tlog
D:\otherjobs\pro\mypro\fluids_v3-201704011-fixdensity\fluids_v3-20170406-multi-drop-change\output\Debug\link.7716.read.1.tlog
D:\otherjobs\pro\mypro\fluids_v3-201704011-fixdensity\fluids_v3-20170406-multi-drop-change\output\Debug\link.7716.write.1.tlog
D:\otherjobs\pro\mypro\fluids_v3-201704011-fixdensity\fluids_v3-20170406-multi-drop-change\output\Debug\link.7900.read.1.tlog
D:\otherjobs\pro\mypro\fluids_v3-201704011-fixdensity\fluids_v3-20170406-multi-drop-change\output\Debug\link.7900.write.1.tlog
D:\otherjobs\pro\mypro\fluids_v3-201704011-fixdensity\fluids_v3-20170406-multi-drop-change\output\Debug\link.8052.read.1.tlog
D:\otherjobs\pro\mypro\fluids_v3-201704011-fixdensity\fluids_v3-20170406-multi-drop-change\output\Debug\link.8052.write.1.tlog
D:\otherjobs\pro\mypro\fluids_v3-201704011-fixdensity\fluids_v3-20170406-multi-drop-change\output\Debug\link.8160.read.1.tlog
D:\otherjobs\pro\mypro\fluids_v3-201704011-fixdensity\fluids_v3-20170406-multi-drop-change\output\Debug\link.8160.write.1.tlog
D:\otherjobs\pro\mypro\fluids_v3-201704011-fixdensity\fluids_v3-20170406-multi-drop-change\output\Debug\link.8228.read.1.tlog
D:\otherjobs\pro\mypro\fluids_v3-201704011-fixdensity\fluids_v3-20170406-multi-drop-change\output\Debug\link.8228.write.1.tlog
D:\otherjobs\pro\mypro\fluids_v3-201704011-fixdensity\fluids_v3-20170406-multi-drop-change\output\Debug\link.8376.read.1.tlog
D:\otherjobs\pro\mypro\fluids_v3-201704011-fixdensity\fluids_v3-20170406-multi-drop-change\output\Debug\link.8376.write.1.tlog
D:\otherjobs\pro\mypro\fluids_v3-201704011-fixdensity\fluids_v3-20170406-multi-drop-change\output\Debug\link.8384.read.1.tlog
D:\otherjobs\pro\mypro\fluids_v3-201704011-fixdensity\fluids_v3-20170406-multi-drop-change\output\Debug\link.8384.write.1.tlog
D:\otherjobs\pro\mypro\fluids_v3-201704011-fixdensity\fluids_v3-20170406-multi-drop-change\output\Debug\link.8392.read.1.tlog
D:\otherjobs\pro\mypro\fluids_v3-201704011-fixdensity\fluids_v3-20170406-multi-drop-change\output\Debug\link.8392.write.1.tlog
D:\otherjobs\pro\mypro\fluids_v3-201704011-fixdensity\fluids_v3-20170406-multi-drop-change\output\Debug\link.8404.read.1.tlog
D:\otherjobs\pro\mypro\fluids_v3-201704011-fixdensity\fluids_v3-20170406-multi-drop-change\output\Debug\link.8404.write.1.tlog
D:\otherjobs\pro\mypro\fluids_v3-201704011-fixdensity\fluids_v3-20170406-multi-drop-change\output\Debug\link.8448.read.1.tlog
D:\otherjobs\pro\mypro\fluids_v3-201704011-fixdensity\fluids_v3-20170406-multi-drop-change\output\Debug\link.8448.write.1.tlog
D:\otherjobs\pro\mypro\fluids_v3-201704011-fixdensity\fluids_v3-20170406-multi-drop-change\output\Debug\link.8480.read.1.tlog
D:\otherjobs\pro\mypro\fluids_v3-201704011-fixdensity\fluids_v3-20170406-multi-drop-change\output\Debug\link.8480.write.1.tlog
D:\otherjobs\pro\mypro\fluids_v3-201704011-fixdensity\fluids_v3-20170406-multi-drop-change\output\Debug\link.8584.read.1.tlog
D:\otherjobs\pro\mypro\fluids_v3-201704011-fixdensity\fluids_v3-20170406-multi-drop-change\output\Debug\link.8584.write.1.tlog
D:\otherjobs\pro\mypro\fluids_v3-201704011-fixdensity\fluids_v3-20170406-multi-drop-change\output\Debug\link.8628.read.1.tlog
D:\otherjobs\pro\mypro\fluids_v3-201704011-fixdensity\fluids_v3-20170406-multi-drop-change\output\Debug\link.8628.write.1.tlog
D:\otherjobs\pro\mypro\fluids_v3-201704011-fixdensity\fluids_v3-20170406-multi-drop-change\output\Debug\link.8736.read.1.tlog
D:\otherjobs\pro\mypro\fluids_v3-201704011-fixdensity\fluids_v3-20170406-multi-drop-change\output\Debug\link.8736.write.1.tlog
D:\otherjobs\pro\mypro\fluids_v3-201704011-fixdensity\fluids_v3-20170406-multi-drop-change\output\Debug\link.8756.read.1.tlog
D:\otherjobs\pro\mypro\fluids_v3-201704011-fixdensity\fluids_v3-20170406-multi-drop-change\output\Debug\link.8756.write.1.tlog
D:\otherjobs\pro\mypro\fluids_v3-201704011-fixdensity\fluids_v3-20170406-multi-drop-change\output\Debug\link.8848.read.1.tlog
D:\otherjobs\pro\mypro\fluids_v3-201704011-fixdensity\fluids_v3-20170406-multi-drop-change\output\Debug\link.8848.write.1.tlog
D:\otherjobs\pro\mypro\fluids_v3-201704011-fixdensity\fluids_v3-20170406-multi-drop-change\output\Debug\link.8864.read.1.tlog
D:\otherjobs\pro\mypro\fluids_v3-201704011-fixdensity\fluids_v3-20170406-multi-drop-change\output\Debug\link.8864.write.1.tlog
D:\otherjobs\pro\mypro\fluids_v3-201704011-fixdensity\fluids_v3-20170406-multi-drop-change\output\Debug\link.8912.read.1.tlog
D:\otherjobs\pro\mypro\fluids_v3-201704011-fixdensity\fluids_v3-20170406-multi-drop-change\output\Debug\link.8912.write.1.tlog
D:\otherjobs\pro\mypro\fluids_v3-201704011-fixdensity\fluids_v3-20170406-multi-drop-change\output\Debug\link.8932.read.1.tlog
D:\otherjobs\pro\mypro\fluids_v3-201704011-fixdensity\fluids_v3-20170406-multi-drop-change\output\Debug\link.8932.write.1.tlog
D:\otherjobs\pro\mypro\fluids_v3-201704011-fixdensity\fluids_v3-20170406-multi-drop-change\output\Debug\link.8948.read.1.tlog
D:\otherjobs\pro\mypro\fluids_v3-201704011-fixdensity\fluids_v3-20170406-multi-drop-change\output\Debug\link.8948.write.1.tlog
D:\otherjobs\pro\mypro\fluids_v3-201704011-fixdensity\fluids_v3-20170406-multi-drop-change\output\Debug\link.9140.read.1.tlog
D:\otherjobs\pro\mypro\fluids_v3-201704011-fixdensity\fluids_v3-20170406-multi-drop-change\output\Debug\link.9140.write.1.tlog
D:\otherjobs\pro\mypro\fluids_v3-201704011-fixdensity\fluids_v3-20170406-multi-drop-change\output\Debug\link.9152.read.1.tlog
D:\otherjobs\pro\mypro\fluids_v3-201704011-fixdensity\fluids_v3-20170406-multi-drop-change\output\Debug\link.9152.write.1.tlog
D:\otherjobs\pro\mypro\fluids_v3-201704011-fixdensity\fluids_v3-20170406-multi-drop-change\output\Debug\link.9404.read.1.tlog
D:\otherjobs\pro\mypro\fluids_v3-201704011-fixdensity\fluids_v3-20170406-multi-drop-change\output\Debug\link.9404.write.1.tlog
D:\otherjobs\pro\mypro\fluids_v3-201704011-fixdensity\fluids_v3-20170406-multi-drop-change\output\Debug\link.command.1.tlog
D:\otherjobs\pro\mypro\fluids_v3-201704011-fixdensity\fluids_v3-20170406-multi-drop-change\output\Debug\link.read.1.tlog
D:\otherjobs\pro\mypro\fluids_v3-201704011-fixdensity\fluids_v3-20170406-multi-drop-change\output\Debug\link.write.1.tlog
D:\OTHERJOBS\PRO\MYPRO\FLUIDS_V3-201704011-FIXDENSITY\FLUIDS_V3-20170406-MULTI-DROP-CHANGE\OUTPUT\DEBUG\MAIN.OBJ
D:\otherjobs\pro\mypro\fluids_v3-201704011-fixdensity\fluids_v3-20170406-multi-drop-change\output\Debug\mt.command.1.tlog
D:\otherjobs\pro\mypro\fluids_v3-201704011-fixdensity\fluids_v3-20170406-multi-drop-change\output\Debug\mt.read.1.tlog
D:\otherjobs\pro\mypro\fluids_v3-201704011-fixdensity\fluids_v3-20170406-multi-drop-change\output\Debug\mt.write.1.tlog
D:\otherjobs\pro\mypro\fluids_v3-201704011-fixdensity\fluids_v3-20170406-multi-drop-change\output\Debug\vc100.idb
D:\OTHERJOBS\PRO\MYPRO\FLUIDS_V3-201704011-FIXDENSITY\FLUIDS_V3-20170406-MULTI-DROP-CHANGE\OUTPUT\DEBUG\VC100.PDB
D:\OTHERJOBS\PRO\MYPRO\FLUIDS_V3-201704011-FIXDENSITY\FLUIDS_V3-20170406-MULTI-DROP-CHANGE\OUTPUT\DEBUG\XML_SETTINGS.OBJ
D:\OTHERJOBS\PRO\MYPRO\FLUIDS_V3-20170406-MULTI-DROP-CHANGE\DEBUG\FLUID_SYSTEM_HOST.OBJ
D:\OTHERJOBS\PRO\MYPRO\FLUIDS_V3-20170406-MULTI-DROP-CHANGE\DEBUG\FLUID_SYSTEM_KERN.OBJ
D:\OTHERJOBS\PRO\MYPRO\FLUIDS_V3-20170406-MULTI-DROP-CHANGE\FLUIDS_V3.EXE
D:\OTHERJOBS\PRO\MYPRO\FLUIDS_V3-20170406-MULTI-DROP-CHANGE\FLUIDS_V3.EXE.MANIFEST
D:\otherjobs\pro\mypro\fluids_v3-20170406-multi-drop-change\fluids_v3.exp
D:\OTHERJOBS\PRO\MYPRO\FLUIDS_V3-20170406-MULTI-DROP-CHANGE\FLUIDS_V3.ILK
D:\otherjobs\pro\mypro\fluids_v3-20170406-multi-drop-change\fluids_v3.lib
D:\OTHERJOBS\PRO\MYPRO\FLUIDS_V3-20170406-MULTI-DROP-CHANGE\FLUIDS_V3.PDB
D:\OTHERJOBS\PRO\MYPRO\FLUIDS_V3-20170406-MULTI-DROP-CHANGE\OUTPUT\DEBUG\ACCESSOBJ.OBJ
D:\OTHERJOBS\PRO\MYPRO\FLUIDS_V3-20170406-MULTI-DROP-CHANGE\OUTPUT\DEBUG\APP_PERF.OBJ
D:\OTHERJOBS\PRO\MYPRO\FLUIDS_V3-20170406-MULTI-DROP-CHANGE\OUTPUT\DEBUG\APP_UTIL.OBJ
D:\OTHERJOBS\PRO\MYPRO\FLUIDS_V3-20170406-MULTI-DROP-CHANGE\OUTPUT\DEBUG\FLUID_SYSTEM.OBJ
D:\OTHERJOBS\PRO\MYPRO\FLUIDS_V3-20170406-MULTI-DROP-CHANGE\OUTPUT\DEBUG\FLUIDS_V3.EXE.INTERMEDIATE.MANIFEST
D:\OTHERJOBS\PRO\MYPRO\FLUIDS_V3-20170406-MULTI-DROP-CHANGE\OUTPUT\DEBUG\GLEW.OBJ
D:\OTHERJOBS\PRO\MYPRO\FLUIDS_V3-20170406-MULTI-DROP-CHANGE\OUTPUT\DEBUG\MAIN.OBJ
D:\OTHERJOBS\PRO\MYPRO\FLUIDS_V3-20170406-MULTI-DROP-CHANGE\OUTPUT\DEBUG\VC100.PDB
D:\OTHERJOBS\PRO\MYPRO\FLUIDS_V3-20170406-MULTI-DROP-CHANGE\OUTPUT\DEBUG\XML_SETTINGS.OBJ
